Log file open, 05/08/20 05:26:03
LogWindows: Failed to load 'aqProf.dll' (GetLastError=126)
LogWindows: File 'aqProf.dll' does not exist
LogWindows: Failed to load 'VtuneApi.dll' (GetLastError=126)
LogWindows: File 'VtuneApi.dll' does not exist
LogWindows: Failed to load 'VtuneApi32e.dll' (GetLastError=126)
LogWindows: File 'VtuneApi32e.dll' does not exist
LogConsoleResponse: Display: Failed to find resolution value strings in scalability ini. Falling back to default.
LogInit: Display: Running engine for game: Pathfinding
LogPlatformFile: Not using cached read wrapper
LogTaskGraph: Started task graph with 5 named threads and 23 total threads with 3 sets of task threads.
LogStats: Stats thread started at 0.100254
LogD3D11RHI: Loaded GFSDK_Aftermath_Lib.x64.dll
LogICUInternationalization: ICU TimeZone Detection - Raw Offset: -5:00, Platform Override: ''
LogPluginManager: Mounting plugin Paper2D
LogPluginManager: Mounting plugin AISupport
LogPluginManager: Mounting plugin LightPropagationVolume
LogPluginManager: Mounting plugin ActorLayerUtilities
LogPluginManager: Mounting plugin AnimationSharing
LogPluginManager: Mounting plugin CLionSourceCodeAccess
LogPluginManager: Mounting plugin CodeLiteSourceCodeAccess
LogPluginManager: Mounting plugin GitSourceControl
LogPluginManager: Mounting plugin KDevelopSourceCodeAccess
LogPluginManager: Mounting plugin NullSourceCodeAccess
LogPluginManager: Mounting plugin PerforceSourceControl
LogPluginManager: Mounting plugin PlasticSourceControl
LogPluginManager: Mounting plugin SubversionSourceControl
LogPluginManager: Mounting plugin UObjectPlugin
LogPluginManager: Mounting plugin VisualStudioCodeSourceCodeAccess
LogPluginManager: Mounting plugin VisualStudioSourceCodeAccess
LogPluginManager: Mounting plugin XCodeSourceCodeAccess
LogPluginManager: Mounting plugin AssetManagerEditor
LogPluginManager: Mounting plugin CryptoKeys
LogPluginManager: Mounting plugin CurveEditorTools
LogPluginManager: Mounting plugin DataValidation
LogPluginManager: Mounting plugin FacialAnimation
LogPluginManager: Mounting plugin GameplayTagsEditor
LogPluginManager: Mounting plugin MacGraphicsSwitching
LogPluginManager: Mounting plugin MaterialAnalyzer
LogPluginManager: Mounting plugin MobileLauncherProfileWizard
LogPluginManager: Mounting plugin PluginBrowser
LogPluginManager: Mounting plugin SpeedTreeImporter
LogPluginManager: Mounting plugin DatasmithContent
LogPluginManager: Mounting plugin VariantManagerContent
LogPluginManager: Mounting plugin AlembicImporter
LogPluginManager: Mounting plugin AutomationUtils
LogPluginManager: Mounting plugin BackChannel
LogPluginManager: Mounting plugin CharacterAI
LogPluginManager: Mounting plugin GeometryCache
LogPluginManager: Mounting plugin PlatformCrypto
LogPluginManager: Mounting plugin ProxyLODPlugin
LogPluginManager: Mounting plugin SkeletalReduction
LogPluginManager: Mounting plugin MagicLeap
LogPluginManager: Mounting plugin MagicLeapMedia
LogPluginManager: Mounting plugin MLSDK
LogPluginManager: Mounting plugin AndroidMedia
LogPluginManager: Mounting plugin AvfMedia
LogPluginManager: Mounting plugin ImgMedia
LogPluginManager: Mounting plugin MediaCompositing
LogPluginManager: Mounting plugin MediaPlayerEditor
LogPluginManager: Mounting plugin WebMMedia
LogPluginManager: Mounting plugin WmfMedia
LogPluginManager: Mounting plugin TcpMessaging
LogPluginManager: Mounting plugin UdpMessaging
LogPluginManager: Mounting plugin ActorSequence
LogPluginManager: Mounting plugin LevelSequenceEditor
LogPluginManager: Mounting plugin MatineeToLevelSequence
LogPluginManager: Mounting plugin NetcodeUnitTest
LogPluginManager: Mounting plugin NUTUnrealEngine4
LogPluginManager: Mounting plugin OnlineSubsystemGooglePlay
LogPluginManager: Mounting plugin OnlineSubsystemIOS
LogPluginManager: Mounting plugin OnlineSubsystem
LogPluginManager: Mounting plugin OnlineSubsystemNull
LogPluginManager: Mounting plugin OnlineSubsystemUtils
LogPluginManager: Mounting plugin LauncherChunkInstaller
LogPluginManager: Mounting plugin AndroidDeviceProfileSelector
LogPluginManager: Mounting plugin AndroidMoviePlayer
LogPluginManager: Mounting plugin AndroidPermission
LogPluginManager: Mounting plugin AppleImageUtils
LogPluginManager: Mounting plugin AppleMoviePlayer
LogPluginManager: Mounting plugin ArchVisCharacter
LogPluginManager: Mounting plugin AssetTags
LogPluginManager: Mounting plugin AudioCapture
LogPluginManager: Mounting plugin CableComponent
LogPluginManager: Mounting plugin CustomMeshComponent
LogPluginManager: Mounting plugin EditableMesh
LogPluginManager: Mounting plugin ExampleDeviceProfileSelector
LogPluginManager: Mounting plugin GoogleCloudMessaging
LogPluginManager: Mounting plugin IOSDeviceProfileSelector
LogPluginManager: Mounting plugin LinuxDeviceProfileSelector
LogPluginManager: Mounting plugin LocationServicesBPLibrary
LogPluginManager: Mounting plugin MobilePatchingUtils
LogPluginManager: Mounting plugin OculusVR
LogPluginManager: Mounting plugin PhysXVehicles
LogPluginManager: Mounting plugin PostSplashScreen
LogPluginManager: Mounting plugin ProceduralMeshComponent
LogPluginManager: Mounting plugin RuntimePhysXCooking
LogPluginManager: Mounting plugin SignificanceManager
LogPluginManager: Mounting plugin SteamVR
LogPluginManager: Mounting plugin WebMMoviePlayer
LogPluginManager: Mounting plugin WindowsMoviePlayer
LogPluginManager: Mounting plugin ScreenshotTools
LogInit: Using libcurl 7.55.1-DEV
LogInit:  - built for x86_64-pc-win32
LogInit:  - supports SSL with OpenSSL/1.1.1
LogInit:  - supports HTTP deflate (compression) using libz 1.2.8
LogInit:  - other features:
LogInit:      CURL_VERSION_SSL
LogInit:      CURL_VERSION_LIBZ
LogInit:      CURL_VERSION_IPV6
LogInit:      CURL_VERSION_ASYNCHDNS
LogInit:      CURL_VERSION_LARGEFILE
LogInit:      CURL_VERSION_IDN
LogInit:  CurlRequestOptions (configurable via config and command line):
LogInit:  - bVerifyPeer = true  - Libcurl will verify peer certificate
LogInit:  - bUseHttpProxy = false  - Libcurl will NOT use HTTP proxy
LogInit:  - bDontReuseConnections = false  - Libcurl will reuse connections
LogInit:  - MaxHostConnections = 16  - Libcurl will limit the number of connections to a host
LogInit:  - LocalHostAddr = Default
LogInit:  - BufferSize = 65536
LogOnline: OSS: Creating online subsystem instance for: NULL
LogInit: WinSock: version 1.1 (2.2), MaxSocks=32767, MaxUdp=65467
LogOnline: OSS: TryLoadSubsystemAndSetDefault: Loaded subsystem for module [NULL]
LogInit: Build: ++UE4+Release-4.24-CL-11590370
LogInit: Engine Version: 4.24.3-11590370+++UE4+Release-4.24
LogInit: Compatible Engine Version: 4.24.0-10570792+++UE4+Release-4.24
LogInit: Net CL: 10570792
LogInit: OS: Windows 10 (Release 1903) (), CPU: Intel(R) Core(TM) i7-7700HQ CPU @ 2.80GHz, GPU: Intel(R) HD Graphics 630
LogInit: Compiled (64-bit): Feb 24 2020 15:39:18
LogInit: Compiled with Visual C++: 19.16.27032.01
LogInit: Build Configuration: Development
LogInit: Branch Name: ++UE4+Release-4.24
LogInit: Command Line: 
LogInit: Base Directory: C:/Program Files/Epic Games/UE_4.24/Engine/Binaries/Win64/
LogInit: Installed Engine Build: 1
LogDevObjectVersion: Number of dev versions registered: 25
LogDevObjectVersion:   Dev-Blueprints (B0D832E4-1F89-4F0D-ACCF-7EB736FD4AA2): 10
LogDevObjectVersion:   Dev-Build (E1C64328-A22C-4D53-A36C-8E866417BD8C): 0
LogDevObjectVersion:   Dev-Core (375EC13C-06E4-48FB-B500-84F0262A717E): 3
LogDevObjectVersion:   Dev-Editor (E4B068ED-F494-42E9-A231-DA0B2E46BB41): 37
LogDevObjectVersion:   Dev-Framework (CFFC743F-43B0-4480-9391-14DF171D2073): 36
LogDevObjectVersion:   Dev-Mobile (B02B49B5-BB20-44E9-A304-32B752E40360): 2
LogDevObjectVersion:   Dev-Networking (A4E4105C-59A1-49B5-A7C5-40C4547EDFEE): 0
LogDevObjectVersion:   Dev-Online (39C831C9-5AE6-47DC-9A44-9C173E1C8E7C): 0
LogDevObjectVersion:   Dev-Physics (78F01B33-EBEA-4F98-B9B4-84EACCB95AA2): 2
LogDevObjectVersion:   Dev-Platform (6631380F-2D4D-43E0-8009-CF276956A95A): 0
LogDevObjectVersion:   Dev-Rendering (12F88B9F-8875-4AFC-A67C-D90C383ABD29): 36
LogDevObjectVersion:   Dev-Sequencer (7B5AE74C-D270-4C10-A958-57980B212A5A): 11
LogDevObjectVersion:   Dev-VR (D7296918-1DD6-4BDD-9DE2-64A83CC13884): 2
LogDevObjectVersion:   Dev-LoadTimes (C2A15278-BFE7-4AFE-6C17-90FF531DF755): 1
LogDevObjectVersion:   Private-Geometry (6EACA3D4-40EC-4CC1-B786-8BED09428FC5): 3
LogDevObjectVersion:   Dev-AnimPhys (29E575DD-E0A3-4627-9D10-D276232CDCEA): 17
LogDevObjectVersion:   Dev-Anim (AF43A65D-7FD3-4947-9873-3E8ED9C1BB05): 2
LogDevObjectVersion:   Dev-ReflectionCapture (6B266CEC-1EC7-4B8F-A30B-E4D90942FC07): 1
LogDevObjectVersion:   Dev-Automation (0DF73D61-A23F-47EA-B727-89E90C41499A): 1
LogDevObjectVersion:   FortniteMain (601D1886-AC64-4F84-AA16-D3DE0DEAC7D6): 31
LogDevObjectVersion:   Dev-Enterprise (9DFFBCD6-494F-0158-E221-12823C92A888): 8
LogDevObjectVersion:   Dev-Niagara (F2AED0AC-9AFE-416F-8664-AA7FFA26D6FC): 1
LogDevObjectVersion:   Dev-Destruction (174F1F0B-B4C6-45A5-B13F-2EE8D0FB917D): 9
LogDevObjectVersion:   Dev-Physics-Ext (35F94A83-E258-406C-A318-09F59610247C): 8
LogDevObjectVersion:   Dev-CineCamera (B2E18506-4273-CFC2-A54E-F4BB758BBA07): 1
LogInit: Presizing for max 25165824 objects, including 0 objects not considered by GC, pre-allocating 0 bytes for permanent pool.
LogInit: Object subsystem initialized
LogConfig: Setting CVar [[con.DebugEarlyDefault:1]]
LogConfig: Setting CVar [[r.setres:1280x720]]
[2020.05.08-09.26.03:626][  0]LogConfig: Setting CVar [[r.VSync:0]]
[2020.05.08-09.26.03:626][  0]LogConfig: Setting CVar [[r.RHICmdBypass:0]]
[2020.05.08-09.26.03:626][  0]LogConfig: Applying CVar settings from Section [/Script/Engine.RendererSettings] File [C:/Users/hstad/Documents/PersonalSite/IMGD4000/Pathfinding/Saved/Config/Windows/Engine.ini]
[2020.05.08-09.26.03:626][  0]LogConfig: Setting CVar [[r.GPUCrashDebugging:0]]
[2020.05.08-09.26.03:626][  0]LogConfig: Applying CVar settings from Section [/Script/Engine.RendererOverrideSettings] File [C:/Users/hstad/Documents/PersonalSite/IMGD4000/Pathfinding/Saved/Config/Windows/Engine.ini]
[2020.05.08-09.26.03:626][  0]LogConfig: Applying CVar settings from Section [/Script/Engine.StreamingSettings] File [C:/Users/hstad/Documents/PersonalSite/IMGD4000/Pathfinding/Saved/Config/Windows/Engine.ini]
[2020.05.08-09.26.03:626][  0]LogConfig: Setting CVar [[s.MinBulkDataSizeForAsyncLoading:131072]]
[2020.05.08-09.26.03:626][  0]LogConfig: Setting CVar [[s.AsyncLoadingThreadEnabled:0]]
[2020.05.08-09.26.03:626][  0]LogConfig: Setting CVar [[s.EventDrivenLoaderEnabled:1]]
[2020.05.08-09.26.03:626][  0]LogConfig: Setting CVar [[s.WarnIfTimeLimitExceeded:0]]
[2020.05.08-09.26.03:626][  0]LogConfig: Setting CVar [[s.TimeLimitExceededMultiplier:1.5]]
[2020.05.08-09.26.03:626][  0]LogConfig: Setting CVar [[s.TimeLimitExceededMinTime:0.005]]
[2020.05.08-09.26.03:626][  0]LogConfig: Setting CVar [[s.UseBackgroundLevelStreaming:1]]
[2020.05.08-09.26.03:626][  0]LogConfig: Setting CVar [[s.PriorityAsyncLoadingExtraTime:15.0]]
[2020.05.08-09.26.03:626][  0]LogConfig: Setting CVar [[s.LevelStreamingActorsUpdateTimeLimit:5.0]]
[2020.05.08-09.26.03:626][  0]LogConfig: Setting CVar [[s.PriorityLevelStreamingActorsUpdateExtraTime:5.0]]
[2020.05.08-09.26.03:626][  0]LogConfig: Setting CVar [[s.LevelStreamingComponentsRegistrationGranularity:10]]
[2020.05.08-09.26.03:626][  0]LogConfig: Setting CVar [[s.UnregisterComponentsTimeLimit:1.0]]
[2020.05.08-09.26.03:626][  0]LogConfig: Setting CVar [[s.LevelStreamingComponentsUnregistrationGranularity:5]]
[2020.05.08-09.26.03:626][  0]LogConfig: Setting CVar [[s.FlushStreamingOnExit:1]]
[2020.05.08-09.26.03:626][  0]LogConfig: Applying CVar settings from Section [/Script/Engine.GarbageCollectionSettings] File [C:/Users/hstad/Documents/PersonalSite/IMGD4000/Pathfinding/Saved/Config/Windows/Engine.ini]
[2020.05.08-09.26.03:626][  0]LogConfig: Setting CVar [[gc.MaxObjectsNotConsideredByGC:1]]
[2020.05.08-09.26.03:626][  0]LogConfig: Setting CVar [[gc.SizeOfPermanentObjectPool:0]]
[2020.05.08-09.26.03:627][  0]LogConfig: Setting CVar [[gc.FlushStreamingOnGC:0]]
[2020.05.08-09.26.03:627][  0]LogConfig: Setting CVar [[gc.NumRetriesBeforeForcingGC:10]]
[2020.05.08-09.26.03:627][  0]LogConfig: Setting CVar [[gc.AllowParallelGC:1]]
[2020.05.08-09.26.03:627][  0]LogConfig: Setting CVar [[gc.TimeBetweenPurgingPendingKillObjects:61.1]]
[2020.05.08-09.26.03:627][  0]LogConfig: Setting CVar [[gc.MaxObjectsInEditor:25165824]]
[2020.05.08-09.26.03:627][  0]LogConfig: Setting CVar [[gc.IncrementalBeginDestroyEnabled:1]]
[2020.05.08-09.26.03:627][  0]LogConfig: Setting CVar [[gc.CreateGCClusters:1]]
[2020.05.08-09.26.03:627][  0]LogConfig: Setting CVar [[gc.MinGCClusterSize:5]]
[2020.05.08-09.26.03:627][  0]LogConfig: Setting CVar [[gc.ActorClusteringEnabled:0]]
[2020.05.08-09.26.03:627][  0]LogConfig: Setting CVar [[gc.BlueprintClusteringEnabled:0]]
[2020.05.08-09.26.03:627][  0]LogConfig: Setting CVar [[gc.UseDisregardForGCOnDedicatedServers:0]]
[2020.05.08-09.26.03:627][  0]LogConfig: Applying CVar settings from Section [/Script/Engine.NetworkSettings] File [C:/Users/hstad/Documents/PersonalSite/IMGD4000/Pathfinding/Saved/Config/Windows/Engine.ini]
[2020.05.08-09.26.03:627][  0]LogConfig: Applying CVar settings from Section [/Script/UnrealEd.CookerSettings] File [C:/Users/hstad/Documents/PersonalSite/IMGD4000/Pathfinding/Saved/Config/Windows/Engine.ini]
[2020.05.08-09.26.03:629][  0]LogConfig: Applying CVar settings from Section [ViewDistanceQuality@3] File [C:/Users/hstad/Documents/PersonalSite/IMGD4000/Pathfinding/Saved/Config/Windows/Scalability.ini]
[2020.05.08-09.26.03:629][  0]LogConfig: Setting CVar [[r.SkeletalMeshLODBias:0]]
[2020.05.08-09.26.03:629][  0]LogConfig: Setting CVar [[r.ViewDistanceScale:1.0]]
[2020.05.08-09.26.03:629][  0]LogConfig: Applying CVar settings from Section [AntiAliasingQuality@3] File [C:/Users/hstad/Documents/PersonalSite/IMGD4000/Pathfinding/Saved/Config/Windows/Scalability.ini]
[2020.05.08-09.26.03:629][  0]LogConfig: Setting CVar [[r.PostProcessAAQuality:4]]
[2020.05.08-09.26.03:629][  0]LogConfig: Applying CVar settings from Section [ShadowQuality@3] File [C:/Users/hstad/Documents/PersonalSite/IMGD4000/Pathfinding/Saved/Config/Windows/Scalability.ini]
[2020.05.08-09.26.03:629][  0]LogConfig: Setting CVar [[r.LightFunctionQuality:1]]
[2020.05.08-09.26.03:629][  0]LogConfig: Setting CVar [[r.ShadowQuality:5]]
[2020.05.08-09.26.03:629][  0]LogConfig: Setting CVar [[r.Shadow.CSM.MaxCascades:10]]
[2020.05.08-09.26.03:629][  0]LogConfig: Setting CVar [[r.Shadow.MaxResolution:2048]]
[2020.05.08-09.26.03:629][  0]LogConfig: Setting CVar [[r.Shadow.MaxCSMResolution:2048]]
[2020.05.08-09.26.03:629][  0]LogConfig: Setting CVar [[r.Shadow.RadiusThreshold:0.01]]
[2020.05.08-09.26.03:629][  0]LogConfig: Setting CVar [[r.Shadow.DistanceScale:1.0]]
[2020.05.08-09.26.03:629][  0]LogConfig: Setting CVar [[r.Shadow.CSM.TransitionScale:1.0]]
[2020.05.08-09.26.03:629][  0]LogConfig: Setting CVar [[r.Shadow.PreShadowResolutionFactor:1.0]]
[2020.05.08-09.26.03:630][  0]LogConfig: Setting CVar [[r.DistanceFieldShadowing:1]]
[2020.05.08-09.26.03:630][  0]LogConfig: Setting CVar [[r.DistanceFieldAO:1]]
[2020.05.08-09.26.03:630][  0]LogConfig: Setting CVar [[r.AOQuality:2]]
[2020.05.08-09.26.03:630][  0]LogConfig: Setting CVar [[r.VolumetricFog:1]]
[2020.05.08-09.26.03:630][  0]LogConfig: Setting CVar [[r.VolumetricFog.GridPixelSize:8]]
[2020.05.08-09.26.03:630][  0]LogConfig: Setting CVar [[r.VolumetricFog.GridSizeZ:128]]
[2020.05.08-09.26.03:630][  0]LogConfig: Setting CVar [[r.VolumetricFog.HistoryMissSupersampleCount:4]]
[2020.05.08-09.26.03:630][  0]LogConfig: Setting CVar [[r.LightMaxDrawDistanceScale:1]]
[2020.05.08-09.26.03:630][  0]LogConfig: Setting CVar [[r.CapsuleShadows:1]]
[2020.05.08-09.26.03:630][  0]LogConfig: Applying CVar settings from Section [PostProcessQuality@3] File [C:/Users/hstad/Documents/PersonalSite/IMGD4000/Pathfinding/Saved/Config/Windows/Scalability.ini]
[2020.05.08-09.26.03:630][  0]LogConfig: Setting CVar [[r.MotionBlurQuality:4]]
[2020.05.08-09.26.03:630][  0]LogConfig: Setting CVar [[r.AmbientOcclusionMipLevelFactor:0.4]]
[2020.05.08-09.26.03:630][  0]LogConfig: Setting CVar [[r.AmbientOcclusionMaxQuality:100]]
[2020.05.08-09.26.03:630][  0]LogConfig: Setting CVar [[r.AmbientOcclusionLevels:-1]]
[2020.05.08-09.26.03:630][  0]LogConfig: Setting CVar [[r.AmbientOcclusionRadiusScale:1.0]]
[2020.05.08-09.26.03:630][  0]LogConfig: Setting CVar [[r.DepthOfFieldQuality:2]]
[2020.05.08-09.26.03:630][  0]LogConfig: Setting CVar [[r.RenderTargetPoolMin:400]]
[2020.05.08-09.26.03:630][  0]LogConfig: Setting CVar [[r.LensFlareQuality:2]]
[2020.05.08-09.26.03:630][  0]LogConfig: Setting CVar [[r.SceneColorFringeQuality:1]]
[2020.05.08-09.26.03:630][  0]LogConfig: Setting CVar [[r.EyeAdaptationQuality:2]]
[2020.05.08-09.26.03:630][  0]LogConfig: Setting CVar [[r.BloomQuality:5]]
[2020.05.08-09.26.03:630][  0]LogConfig: Setting CVar [[r.FastBlurThreshold:100]]
[2020.05.08-09.26.03:630][  0]LogConfig: Setting CVar [[r.Upscale.Quality:3]]
[2020.05.08-09.26.03:630][  0]LogConfig: Setting CVar [[r.Tonemapper.GrainQuantization:1]]
[2020.05.08-09.26.03:630][  0]LogConfig: Setting CVar [[r.LightShaftQuality:1]]
[2020.05.08-09.26.03:630][  0]LogConfig: Setting CVar [[r.Filter.SizeScale:1]]
[2020.05.08-09.26.03:630][  0]LogConfig: Setting CVar [[r.Tonemapper.Quality:5]]
[2020.05.08-09.26.03:630][  0]LogConfig: Setting CVar [[r.DOF.Gather.AccumulatorQuality:1        ; higher gathering accumulator quality]]
[2020.05.08-09.26.03:630][  0]LogConfig: Setting CVar [[r.DOF.Gather.PostfilterMethod:1          ; Median3x3 postfilering method]]
[2020.05.08-09.26.03:630][  0]LogConfig: Setting CVar [[r.DOF.Gather.EnableBokehSettings:0       ; no bokeh simulation when gathering]]
[2020.05.08-09.26.03:630][  0]LogConfig: Setting CVar [[r.DOF.Gather.RingCount:4                 ; medium number of samples when gathering]]
[2020.05.08-09.26.03:630][  0]LogConfig: Setting CVar [[r.DOF.Scatter.ForegroundCompositing:1    ; additive foreground scattering]]
[2020.05.08-09.26.03:630][  0]LogConfig: Setting CVar [[r.DOF.Scatter.BackgroundCompositing:2    ; additive background scattering]]
[2020.05.08-09.26.03:630][  0]LogConfig: Setting CVar [[r.DOF.Scatter.EnableBokehSettings:1      ; bokeh simulation when scattering]]
[2020.05.08-09.26.03:630][  0]LogConfig: Setting CVar [[r.DOF.Scatter.MaxSpriteRatio:0.1         ; only a maximum of 10% of scattered bokeh]]
[2020.05.08-09.26.03:630][  0]LogConfig: Setting CVar [[r.DOF.Recombine.Quality:1                ; cheap slight out of focus]]
[2020.05.08-09.26.03:630][  0]LogConfig: Setting CVar [[r.DOF.Recombine.EnableBokehSettings:0    ; no bokeh simulation on slight out of focus]]
[2020.05.08-09.26.03:630][  0]LogConfig: Setting CVar [[r.DOF.TemporalAAQuality:1                ; more stable temporal accumulation]]
[2020.05.08-09.26.03:630][  0]LogConfig: Setting CVar [[r.DOF.Kernel.MaxForegroundRadius:0.025]]
[2020.05.08-09.26.03:630][  0]LogConfig: Setting CVar [[r.DOF.Kernel.MaxBackgroundRadius:0.025]]
[2020.05.08-09.26.03:630][  0]LogConfig: Applying CVar settings from Section [TextureQuality@3] File [C:/Users/hstad/Documents/PersonalSite/IMGD4000/Pathfinding/Saved/Config/Windows/Scalability.ini]
[2020.05.08-09.26.03:630][  0]LogConfig: Setting CVar [[r.Streaming.MipBias:0]]
[2020.05.08-09.26.03:630][  0]LogConfig: Setting CVar [[r.Streaming.AmortizeCPUToGPUCopy:0]]
[2020.05.08-09.26.03:630][  0]LogConfig: Setting CVar [[r.Streaming.MaxNumTexturesToStreamPerFrame:0]]
[2020.05.08-09.26.03:630][  0]LogConfig: Setting CVar [[r.Streaming.Boost:1]]
[2020.05.08-09.26.03:630][  0]LogConfig: Setting CVar [[r.MaxAnisotropy:8]]
[2020.05.08-09.26.03:630][  0]LogConfig: Setting CVar [[r.VT.MaxAnisotropy:8]]
[2020.05.08-09.26.03:630][  0]LogConfig: Setting CVar [[r.Streaming.LimitPoolSizeToVRAM:0]]
[2020.05.08-09.26.03:630][  0]LogConfig: Setting CVar [[r.Streaming.PoolSize:1000]]
[2020.05.08-09.26.03:630][  0]LogConfig: Setting CVar [[r.Streaming.MaxEffectiveScreenSize:0]]
[2020.05.08-09.26.03:630][  0]LogConfig: Applying CVar settings from Section [EffectsQuality@3] File [C:/Users/hstad/Documents/PersonalSite/IMGD4000/Pathfinding/Saved/Config/Windows/Scalability.ini]
[2020.05.08-09.26.03:630][  0]LogConfig: Setting CVar [[r.TranslucencyLightingVolumeDim:64]]
[2020.05.08-09.26.03:630][  0]LogConfig: Setting CVar [[r.RefractionQuality:2]]
[2020.05.08-09.26.03:630][  0]LogConfig: Setting CVar [[r.SSR.Quality:3]]
[2020.05.08-09.26.03:630][  0]LogConfig: Setting CVar [[r.SSR.HalfResSceneColor:0]]
[2020.05.08-09.26.03:630][  0]LogConfig: Setting CVar [[r.SceneColorFormat:4]]
[2020.05.08-09.26.03:630][  0]LogConfig: Setting CVar [[r.DetailMode:2]]
[2020.05.08-09.26.03:630][  0]LogConfig: Setting CVar [[r.TranslucencyVolumeBlur:1]]
[2020.05.08-09.26.03:630][  0]LogConfig: Setting CVar [[r.MaterialQualityLevel:1 ; High quality]]
[2020.05.08-09.26.03:630][  0]LogConfig: Setting CVar [[r.SSS.Scale:1]]
[2020.05.08-09.26.03:630][  0]LogConfig: Setting CVar [[r.SSS.SampleSet:2]]
[2020.05.08-09.26.03:630][  0]LogConfig: Setting CVar [[r.SSS.Quality:1]]
[2020.05.08-09.26.03:631][  0]LogConfig: Setting CVar [[r.SSS.HalfRes:1]]
[2020.05.08-09.26.03:631][  0]LogConfig: Setting CVar [[r.SSGI.Quality:3]]
[2020.05.08-09.26.03:631][  0]LogConfig: Setting CVar [[r.EmitterSpawnRateScale:1.0]]
[2020.05.08-09.26.03:631][  0]LogConfig: Setting CVar [[r.ParticleLightQuality:2]]
[2020.05.08-09.26.03:631][  0]LogConfig: Setting CVar [[r.SkyAtmosphere.AerialPerspectiveLUT.FastApplyOnOpaque:1 ; Always have FastSkyLUT 1 in this case to avoid wrong sky]]
[2020.05.08-09.26.03:631][  0]LogConfig: Setting CVar [[r.SkyAtmosphere.AerialPerspectiveLUT.SampleCountPerSlice:1]]
[2020.05.08-09.26.03:631][  0]LogConfig: Setting CVar [[r.SkyAtmosphere.AerialPerspectiveLUT.DepthResolution:16.0]]
[2020.05.08-09.26.03:631][  0]LogConfig: Setting CVar [[r.SkyAtmosphere.FastSkyLUT:1]]
[2020.05.08-09.26.03:631][  0]LogConfig: Setting CVar [[r.SkyAtmosphere.FastSkyLUT.SampleCountMin:4.0]]
[2020.05.08-09.26.03:631][  0]LogConfig: Setting CVar [[r.SkyAtmosphere.FastSkyLUT.SampleCountMax:32.0]]
[2020.05.08-09.26.03:631][  0]LogConfig: Setting CVar [[r.SkyAtmosphere.SampleCountMin:4.0]]
[2020.05.08-09.26.03:631][  0]LogConfig: Setting CVar [[r.SkyAtmosphere.SampleCountMax:32.0]]
[2020.05.08-09.26.03:631][  0]LogConfig: Setting CVar [[r.SkyAtmosphere.TransmittanceLUT.UseSmallFormat:0]]
[2020.05.08-09.26.03:631][  0]LogConfig: Setting CVar [[r.SkyAtmosphere.TransmittanceLUT.SampleCount:10.0]]
[2020.05.08-09.26.03:631][  0]LogConfig: Setting CVar [[r.SkyAtmosphere.MultiScatteringLUT.SampleCount:15.0]]
[2020.05.08-09.26.03:631][  0]LogConfig: Applying CVar settings from Section [FoliageQuality@3] File [C:/Users/hstad/Documents/PersonalSite/IMGD4000/Pathfinding/Saved/Config/Windows/Scalability.ini]
[2020.05.08-09.26.03:631][  0]LogConfig: Setting CVar [[foliage.DensityScale:1.0]]
[2020.05.08-09.26.03:631][  0]LogConfig: Setting CVar [[grass.DensityScale:1.0]]
[2020.05.08-09.26.03:631][  0]LogConfig: Applying CVar settings from Section [ShadingQuality@3] File [C:/Users/hstad/Documents/PersonalSite/IMGD4000/Pathfinding/Saved/Config/Windows/Scalability.ini]
[2020.05.08-09.26.03:631][  0]LogConfig: Setting CVar [[r.HairStrands.SkyLighting.SampleCount:16]]
[2020.05.08-09.26.03:631][  0]LogConfig: Setting CVar [[r.HairStrands.SkyLighting.JitterIntegration:0]]
[2020.05.08-09.26.03:631][  0]LogConfig: Setting CVar [[r.HairStrands.SkyAO.SampleCount:16]]
[2020.05.08-09.26.03:631][  0]LogInit: Selected Device Profile: [Windows]
[2020.05.08-09.26.03:631][  0]LogInit: Applying CVar settings loaded from the selected device profile: [Windows]
[2020.05.08-09.26.03:634][  0]LogHAL: Display: Platform has ~ 8 GB [8441442304 / 8589934592 / 8], which maps to Default [LargestMinGB=32, LargerMinGB=12, DefaultMinGB=8, SmallerMinGB=6, SmallestMinGB=0)
[2020.05.08-09.26.03:634][  0]LogInit: Going up to parent DeviceProfile []
[2020.05.08-09.26.03:634][  0]LogConfig: Applying CVar settings from Section [ViewDistanceQuality@3] File [C:/Users/hstad/Documents/PersonalSite/IMGD4000/Pathfinding/Saved/Config/Windows/Scalability.ini]
[2020.05.08-09.26.03:634][  0]LogConfig: Setting CVar [[r.SkeletalMeshLODBias:0]]
[2020.05.08-09.26.03:634][  0]LogConfig: Setting CVar [[r.ViewDistanceScale:1.0]]
[2020.05.08-09.26.03:634][  0]LogConfig: Applying CVar settings from Section [AntiAliasingQuality@3] File [C:/Users/hstad/Documents/PersonalSite/IMGD4000/Pathfinding/Saved/Config/Windows/Scalability.ini]
[2020.05.08-09.26.03:634][  0]LogConfig: Setting CVar [[r.PostProcessAAQuality:4]]
[2020.05.08-09.26.03:634][  0]LogConfig: Applying CVar settings from Section [ShadowQuality@3] File [C:/Users/hstad/Documents/PersonalSite/IMGD4000/Pathfinding/Saved/Config/Windows/Scalability.ini]
[2020.05.08-09.26.03:634][  0]LogConfig: Setting CVar [[r.LightFunctionQuality:1]]
[2020.05.08-09.26.03:634][  0]LogConfig: Setting CVar [[r.ShadowQuality:5]]
[2020.05.08-09.26.03:634][  0]LogConfig: Setting CVar [[r.Shadow.CSM.MaxCascades:10]]
[2020.05.08-09.26.03:634][  0]LogConfig: Setting CVar [[r.Shadow.MaxResolution:2048]]
[2020.05.08-09.26.03:634][  0]LogConfig: Setting CVar [[r.Shadow.MaxCSMResolution:2048]]
[2020.05.08-09.26.03:634][  0]LogConfig: Setting CVar [[r.Shadow.RadiusThreshold:0.01]]
[2020.05.08-09.26.03:634][  0]LogConfig: Setting CVar [[r.Shadow.DistanceScale:1.0]]
[2020.05.08-09.26.03:634][  0]LogConfig: Setting CVar [[r.Shadow.CSM.TransitionScale:1.0]]
[2020.05.08-09.26.03:634][  0]LogConfig: Setting CVar [[r.Shadow.PreShadowResolutionFactor:1.0]]
[2020.05.08-09.26.03:634][  0]LogConfig: Setting CVar [[r.DistanceFieldShadowing:1]]
[2020.05.08-09.26.03:634][  0]LogConfig: Setting CVar [[r.DistanceFieldAO:1]]
[2020.05.08-09.26.03:634][  0]LogConfig: Setting CVar [[r.AOQuality:2]]
[2020.05.08-09.26.03:634][  0]LogConfig: Setting CVar [[r.VolumetricFog:1]]
[2020.05.08-09.26.03:634][  0]LogConfig: Setting CVar [[r.VolumetricFog.GridPixelSize:8]]
[2020.05.08-09.26.03:634][  0]LogConfig: Setting CVar [[r.VolumetricFog.GridSizeZ:128]]
[2020.05.08-09.26.03:634][  0]LogConfig: Setting CVar [[r.VolumetricFog.HistoryMissSupersampleCount:4]]
[2020.05.08-09.26.03:634][  0]LogConfig: Setting CVar [[r.LightMaxDrawDistanceScale:1]]
[2020.05.08-09.26.03:634][  0]LogConfig: Setting CVar [[r.CapsuleShadows:1]]
[2020.05.08-09.26.03:634][  0]LogConfig: Applying CVar settings from Section [PostProcessQuality@3] File [C:/Users/hstad/Documents/PersonalSite/IMGD4000/Pathfinding/Saved/Config/Windows/Scalability.ini]
[2020.05.08-09.26.03:634][  0]LogConfig: Setting CVar [[r.MotionBlurQuality:4]]
[2020.05.08-09.26.03:634][  0]LogConfig: Setting CVar [[r.AmbientOcclusionMipLevelFactor:0.4]]
[2020.05.08-09.26.03:634][  0]LogConfig: Setting CVar [[r.AmbientOcclusionMaxQuality:100]]
[2020.05.08-09.26.03:634][  0]LogConfig: Setting CVar [[r.AmbientOcclusionLevels:-1]]
[2020.05.08-09.26.03:634][  0]LogConfig: Setting CVar [[r.AmbientOcclusionRadiusScale:1.0]]
[2020.05.08-09.26.03:634][  0]LogConfig: Setting CVar [[r.DepthOfFieldQuality:2]]
[2020.05.08-09.26.03:634][  0]LogConfig: Setting CVar [[r.RenderTargetPoolMin:400]]
[2020.05.08-09.26.03:634][  0]LogConfig: Setting CVar [[r.LensFlareQuality:2]]
[2020.05.08-09.26.03:635][  0]LogConfig: Setting CVar [[r.SceneColorFringeQuality:1]]
[2020.05.08-09.26.03:635][  0]LogConfig: Setting CVar [[r.EyeAdaptationQuality:2]]
[2020.05.08-09.26.03:635][  0]LogConfig: Setting CVar [[r.BloomQuality:5]]
[2020.05.08-09.26.03:635][  0]LogConfig: Setting CVar [[r.FastBlurThreshold:100]]
[2020.05.08-09.26.03:635][  0]LogConfig: Setting CVar [[r.Upscale.Quality:3]]
[2020.05.08-09.26.03:635][  0]LogConfig: Setting CVar [[r.Tonemapper.GrainQuantization:1]]
[2020.05.08-09.26.03:635][  0]LogConfig: Setting CVar [[r.LightShaftQuality:1]]
[2020.05.08-09.26.03:635][  0]LogConfig: Setting CVar [[r.Filter.SizeScale:1]]
[2020.05.08-09.26.03:635][  0]LogConfig: Setting CVar [[r.Tonemapper.Quality:5]]
[2020.05.08-09.26.03:635][  0]LogConfig: Setting CVar [[r.DOF.Gather.AccumulatorQuality:1        ; higher gathering accumulator quality]]
[2020.05.08-09.26.03:635][  0]LogConfig: Setting CVar [[r.DOF.Gather.PostfilterMethod:1          ; Median3x3 postfilering method]]
[2020.05.08-09.26.03:635][  0]LogConfig: Setting CVar [[r.DOF.Gather.EnableBokehSettings:0       ; no bokeh simulation when gathering]]
[2020.05.08-09.26.03:635][  0]LogConfig: Setting CVar [[r.DOF.Gather.RingCount:4                 ; medium number of samples when gathering]]
[2020.05.08-09.26.03:635][  0]LogConfig: Setting CVar [[r.DOF.Scatter.ForegroundCompositing:1    ; additive foreground scattering]]
[2020.05.08-09.26.03:635][  0]LogConfig: Setting CVar [[r.DOF.Scatter.BackgroundCompositing:2    ; additive background scattering]]
[2020.05.08-09.26.03:635][  0]LogConfig: Setting CVar [[r.DOF.Scatter.EnableBokehSettings:1      ; bokeh simulation when scattering]]
[2020.05.08-09.26.03:635][  0]LogConfig: Setting CVar [[r.DOF.Scatter.MaxSpriteRatio:0.1         ; only a maximum of 10% of scattered bokeh]]
[2020.05.08-09.26.03:635][  0]LogConfig: Setting CVar [[r.DOF.Recombine.Quality:1                ; cheap slight out of focus]]
[2020.05.08-09.26.03:635][  0]LogConfig: Setting CVar [[r.DOF.Recombine.EnableBokehSettings:0    ; no bokeh simulation on slight out of focus]]
[2020.05.08-09.26.03:635][  0]LogConfig: Setting CVar [[r.DOF.TemporalAAQuality:1                ; more stable temporal accumulation]]
[2020.05.08-09.26.03:635][  0]LogConfig: Setting CVar [[r.DOF.Kernel.MaxForegroundRadius:0.025]]
[2020.05.08-09.26.03:635][  0]LogConfig: Setting CVar [[r.DOF.Kernel.MaxBackgroundRadius:0.025]]
[2020.05.08-09.26.03:635][  0]LogConfig: Applying CVar settings from Section [TextureQuality@3] File [C:/Users/hstad/Documents/PersonalSite/IMGD4000/Pathfinding/Saved/Config/Windows/Scalability.ini]
[2020.05.08-09.26.03:635][  0]LogConfig: Setting CVar [[r.Streaming.MipBias:0]]
[2020.05.08-09.26.03:635][  0]LogConfig: Setting CVar [[r.Streaming.AmortizeCPUToGPUCopy:0]]
[2020.05.08-09.26.03:635][  0]LogConfig: Setting CVar [[r.Streaming.MaxNumTexturesToStreamPerFrame:0]]
[2020.05.08-09.26.03:635][  0]LogConfig: Setting CVar [[r.Streaming.Boost:1]]
[2020.05.08-09.26.03:635][  0]LogConfig: Setting CVar [[r.MaxAnisotropy:8]]
[2020.05.08-09.26.03:635][  0]LogConfig: Setting CVar [[r.VT.MaxAnisotropy:8]]
[2020.05.08-09.26.03:635][  0]LogConfig: Setting CVar [[r.Streaming.LimitPoolSizeToVRAM:0]]
[2020.05.08-09.26.03:635][  0]LogConfig: Setting CVar [[r.Streaming.PoolSize:1000]]
[2020.05.08-09.26.03:635][  0]LogConfig: Setting CVar [[r.Streaming.MaxEffectiveScreenSize:0]]
[2020.05.08-09.26.03:635][  0]LogConfig: Applying CVar settings from Section [EffectsQuality@3] File [C:/Users/hstad/Documents/PersonalSite/IMGD4000/Pathfinding/Saved/Config/Windows/Scalability.ini]
[2020.05.08-09.26.03:635][  0]LogConfig: Setting CVar [[r.TranslucencyLightingVolumeDim:64]]
[2020.05.08-09.26.03:635][  0]LogConfig: Setting CVar [[r.RefractionQuality:2]]
[2020.05.08-09.26.03:635][  0]LogConfig: Setting CVar [[r.SSR.Quality:3]]
[2020.05.08-09.26.03:635][  0]LogConfig: Setting CVar [[r.SSR.HalfResSceneColor:0]]
[2020.05.08-09.26.03:635][  0]LogConfig: Setting CVar [[r.SceneColorFormat:4]]
[2020.05.08-09.26.03:635][  0]LogConfig: Setting CVar [[r.DetailMode:2]]
[2020.05.08-09.26.03:635][  0]LogConfig: Setting CVar [[r.TranslucencyVolumeBlur:1]]
[2020.05.08-09.26.03:635][  0]LogConfig: Setting CVar [[r.MaterialQualityLevel:1 ; High quality]]
[2020.05.08-09.26.03:635][  0]LogConfig: Setting CVar [[r.SSS.Scale:1]]
[2020.05.08-09.26.03:635][  0]LogConfig: Setting CVar [[r.SSS.SampleSet:2]]
[2020.05.08-09.26.03:635][  0]LogConfig: Setting CVar [[r.SSS.Quality:1]]
[2020.05.08-09.26.03:635][  0]LogConfig: Setting CVar [[r.SSS.HalfRes:1]]
[2020.05.08-09.26.03:635][  0]LogConfig: Setting CVar [[r.SSGI.Quality:3]]
[2020.05.08-09.26.03:635][  0]LogConfig: Setting CVar [[r.EmitterSpawnRateScale:1.0]]
[2020.05.08-09.26.03:635][  0]LogConfig: Setting CVar [[r.ParticleLightQuality:2]]
[2020.05.08-09.26.03:635][  0]LogConfig: Setting CVar [[r.SkyAtmosphere.AerialPerspectiveLUT.FastApplyOnOpaque:1 ; Always have FastSkyLUT 1 in this case to avoid wrong sky]]
[2020.05.08-09.26.03:635][  0]LogConfig: Setting CVar [[r.SkyAtmosphere.AerialPerspectiveLUT.SampleCountPerSlice:1]]
[2020.05.08-09.26.03:635][  0]LogConfig: Setting CVar [[r.SkyAtmosphere.AerialPerspectiveLUT.DepthResolution:16.0]]
[2020.05.08-09.26.03:635][  0]LogConfig: Setting CVar [[r.SkyAtmosphere.FastSkyLUT:1]]
[2020.05.08-09.26.03:635][  0]LogConfig: Setting CVar [[r.SkyAtmosphere.FastSkyLUT.SampleCountMin:4.0]]
[2020.05.08-09.26.03:635][  0]LogConfig: Setting CVar [[r.SkyAtmosphere.FastSkyLUT.SampleCountMax:32.0]]
[2020.05.08-09.26.03:635][  0]LogConfig: Setting CVar [[r.SkyAtmosphere.SampleCountMin:4.0]]
[2020.05.08-09.26.03:635][  0]LogConfig: Setting CVar [[r.SkyAtmosphere.SampleCountMax:32.0]]
[2020.05.08-09.26.03:636][  0]LogConfig: Setting CVar [[r.SkyAtmosphere.TransmittanceLUT.UseSmallFormat:0]]
[2020.05.08-09.26.03:636][  0]LogConfig: Setting CVar [[r.SkyAtmosphere.TransmittanceLUT.SampleCount:10.0]]
[2020.05.08-09.26.03:636][  0]LogConfig: Setting CVar [[r.SkyAtmosphere.MultiScatteringLUT.SampleCount:15.0]]
[2020.05.08-09.26.03:636][  0]LogConfig: Applying CVar settings from Section [FoliageQuality@3] File [C:/Users/hstad/Documents/PersonalSite/IMGD4000/Pathfinding/Saved/Config/Windows/Scalability.ini]
[2020.05.08-09.26.03:636][  0]LogConfig: Setting CVar [[foliage.DensityScale:1.0]]
[2020.05.08-09.26.03:636][  0]LogConfig: Setting CVar [[grass.DensityScale:1.0]]
[2020.05.08-09.26.03:636][  0]LogConfig: Applying CVar settings from Section [ShadingQuality@3] File [C:/Users/hstad/Documents/PersonalSite/IMGD4000/Pathfinding/Saved/Config/Windows/Scalability.ini]
[2020.05.08-09.26.03:636][  0]LogConfig: Setting CVar [[r.HairStrands.SkyLighting.SampleCount:16]]
[2020.05.08-09.26.03:636][  0]LogConfig: Setting CVar [[r.HairStrands.SkyLighting.JitterIntegration:0]]
[2020.05.08-09.26.03:636][  0]LogConfig: Setting CVar [[r.HairStrands.SkyAO.SampleCount:16]]
[2020.05.08-09.26.03:636][  0]LogConfig: Applying CVar settings from Section [Startup] File [../../../Engine/Config/ConsoleVariables.ini]
[2020.05.08-09.26.03:636][  0]LogConfig: Setting CVar [[net.UseAdaptiveNetUpdateFrequency:0]]
[2020.05.08-09.26.03:636][  0]LogConfig: Setting CVar [[p.chaos.AllowCreatePhysxBodies:1]]
[2020.05.08-09.26.03:636][  0]LogConfig: Applying CVar settings from Section [ConsoleVariables] File [C:/Users/hstad/Documents/PersonalSite/IMGD4000/Pathfinding/Saved/Config/Windows/Engine.ini]
[2020.05.08-09.26.03:636][  0]LogInit: Computer: STADOLNIK
[2020.05.08-09.26.03:636][  0]LogInit: User: hstad
[2020.05.08-09.26.03:636][  0]LogInit: CPU Page size=4096, Cores=4
[2020.05.08-09.26.03:636][  0]LogInit: High frequency timer resolution =10.000000 MHz
[2020.05.08-09.26.03:636][  0]LogMemory: Memory total: Physical=7.9GB (8GB approx)
[2020.05.08-09.26.03:636][  0]LogMemory: Platform Memory Stats for Windows
[2020.05.08-09.26.03:636][  0]LogMemory: Process Physical Memory: 105.30 MB used, 105.30 MB peak
[2020.05.08-09.26.03:636][  0]LogMemory: Process Virtual Memory: 100.74 MB used, 100.74 MB peak
[2020.05.08-09.26.03:636][  0]LogMemory: Physical Memory: 6351.18 MB used,  1699.20 MB free, 8050.39 MB total
[2020.05.08-09.26.03:636][  0]LogMemory: Virtual Memory: 5137.57 MB used,  134212592.00 MB free, 134217728.00 MB total
[2020.05.08-09.26.03:640][  0]LogWindows: WindowsPlatformFeatures enabled
[2020.05.08-09.26.03:662][  0]LogInit: Using OS detected language (en-US).
[2020.05.08-09.26.03:662][  0]LogInit: Using OS detected locale (en-US).
[2020.05.08-09.26.03:663][  0]LogTextLocalizationManager: No specific localization for 'en-US' exists, so the 'en' localization will be used.
[2020.05.08-09.26.03:887][  0]LogInit: Setting process to per monitor DPI aware
[2020.05.08-09.26.03:941][  0]LogSlate: New Slate User Created.  User Index 0, Is Virtual User: 0
[2020.05.08-09.26.03:941][  0]LogSlate: Slate User Registered.  User Index 0, Is Virtual User: 0
[2020.05.08-09.26.04:175][  0]LogHMD: Failed to initialize OpenVR with code 110
[2020.05.08-09.26.04:175][  0]LogD3D11RHI: D3D11 min allowed feature level: 11_0
[2020.05.08-09.26.04:175][  0]LogD3D11RHI: D3D11 max allowed feature level: 11_0
[2020.05.08-09.26.04:175][  0]LogD3D11RHI: D3D11 adapters:
[2020.05.08-09.26.04:262][  0]LogD3D11RHI:    0. 'NVIDIA GeForce GTX 1050' (Feature Level 11_0)
[2020.05.08-09.26.04:262][  0]LogD3D11RHI:       1979/0/4025 MB DedicatedVideo/DedicatedSystem/SharedSystem, Outputs:1, VendorId:0x10de
[2020.05.08-09.26.04:274][  0]LogD3D11RHI:    1. 'Intel(R) HD Graphics 630' (Feature Level 11_0)
[2020.05.08-09.26.04:274][  0]LogD3D11RHI:       128/0/4025 MB DedicatedVideo/DedicatedSystem/SharedSystem, Outputs:0, VendorId:0x8086
[2020.05.08-09.26.04:277][  0]LogD3D11RHI:    2. 'Microsoft Basic Render Driver' (Feature Level 11_0)
[2020.05.08-09.26.04:277][  0]LogD3D11RHI:       0/0/4025 MB DedicatedVideo/DedicatedSystem/SharedSystem, Outputs:0, VendorId:0x1414
[2020.05.08-09.26.04:277][  0]LogD3D11RHI: Chosen D3D11 Adapter: 0
[2020.05.08-09.26.04:322][  0]LogD3D11RHI: Creating new Direct3DDevice
[2020.05.08-09.26.04:322][  0]LogD3D11RHI:     GPU DeviceId: 0x1c8d (for the marketing name, search the web for "GPU Device Id")
[2020.05.08-09.26.04:322][  0]LogWindows: EnumDisplayDevices:
[2020.05.08-09.26.04:323][  0]LogWindows:    0. 'Intel(R) HD Graphics 630' (P:1 D:1)
[2020.05.08-09.26.04:323][  0]LogWindows:    1. 'Intel(R) HD Graphics 630' (P:0 D:0)
[2020.05.08-09.26.04:324][  0]LogWindows:    2. 'Intel(R) HD Graphics 630' (P:0 D:0)
[2020.05.08-09.26.04:324][  0]LogWindows: DebugString: PrimaryIsNotTheChoosenAdapter PrimaryIsNotTheChoosenAdapter PrimaryIsNotTheChoosenAdapter FoundDriverCount:0 
[2020.05.08-09.26.04:324][  0]LogD3D11RHI:     Adapter Name: NVIDIA GeForce GTX 1050
[2020.05.08-09.26.04:324][  0]LogD3D11RHI:   Driver Version: Unknown (internal:Unknown, unified:Unknown)
[2020.05.08-09.26.04:324][  0]LogD3D11RHI:      Driver Date: Unknown
[2020.05.08-09.26.04:324][  0]LogRHI: Texture pool is 1385 MB (70% of 1979 MB)
[2020.05.08-09.26.04:387][  0]LogD3D11RHI: RHI has support for 64 bit atomics
[2020.05.08-09.26.04:387][  0]LogD3D11RHI: Async texture creation enabled
[2020.05.08-09.26.04:400][  0]LogD3D11RHI: GPU Timing Frequency: 1000.000000 (Debug: 2 1)
[2020.05.08-09.26.04:742][  0]LogTargetPlatformManager: Display: Loaded TargetPlatform 'AllDesktop'
[2020.05.08-09.26.04:784][  0]LogTargetPlatformManager: Display: Loaded TargetPlatform 'Android'
[2020.05.08-09.26.04:784][  0]LogTargetPlatformManager: Display: Loaded TargetPlatform 'Android_ASTC'
[2020.05.08-09.26.04:784][  0]LogTargetPlatformManager: Display: Loaded TargetPlatform 'Android_ATC'
[2020.05.08-09.26.04:784][  0]LogTargetPlatformManager: Display: Loaded TargetPlatform 'Android_DXT'
[2020.05.08-09.26.04:784][  0]LogTargetPlatformManager: Display: Loaded TargetPlatform 'Android_ETC1'
[2020.05.08-09.26.04:784][  0]LogTargetPlatformManager: Display: Loaded TargetPlatform 'Android_ETC1a'
[2020.05.08-09.26.04:784][  0]LogTargetPlatformManager: Display: Loaded TargetPlatform 'Android_ETC2'
[2020.05.08-09.26.04:784][  0]LogTargetPlatformManager: Display: Loaded TargetPlatform 'Android_PVRTC'
[2020.05.08-09.26.04:784][  0]LogTargetPlatformManager: Display: Loaded TargetPlatform 'AndroidClient'
[2020.05.08-09.26.04:784][  0]LogTargetPlatformManager: Display: Loaded TargetPlatform 'Android_ASTCClient'
[2020.05.08-09.26.04:784][  0]LogTargetPlatformManager: Display: Loaded TargetPlatform 'Android_ATCClient'
[2020.05.08-09.26.04:784][  0]LogTargetPlatformManager: Display: Loaded TargetPlatform 'Android_DXTClient'
[2020.05.08-09.26.04:784][  0]LogTargetPlatformManager: Display: Loaded TargetPlatform 'Android_ETC1Client'
[2020.05.08-09.26.04:784][  0]LogTargetPlatformManager: Display: Loaded TargetPlatform 'Android_ETC1aClient'
[2020.05.08-09.26.04:784][  0]LogTargetPlatformManager: Display: Loaded TargetPlatform 'Android_ETC2Client'
[2020.05.08-09.26.04:784][  0]LogTargetPlatformManager: Display: Loaded TargetPlatform 'Android_PVRTCClient'
[2020.05.08-09.26.04:784][  0]LogTargetPlatformManager: Display: Loaded TargetPlatform 'Android_Multi'
[2020.05.08-09.26.04:784][  0]LogTargetPlatformManager: Display: Loaded TargetPlatform 'Android_MultiClient'
[2020.05.08-09.26.04:806][  0]LogTargetPlatformManager: Display: Loaded TargetPlatform 'IOSClient'
[2020.05.08-09.26.04:806][  0]LogTargetPlatformManager: Display: Loaded TargetPlatform 'IOS'
[2020.05.08-09.26.04:815][  0]LogTargetPlatformManager: Display: Loaded TargetPlatform 'LinuxNoEditor'
[2020.05.08-09.26.04:823][  0]LogTargetPlatformManager: Display: Loaded TargetPlatform 'LinuxClient'
[2020.05.08-09.26.04:831][  0]LogTargetPlatformManager: Display: Loaded TargetPlatform 'LinuxServer'
[2020.05.08-09.26.04:840][  0]LogTargetPlatformManager: Display: Loaded TargetPlatform 'LinuxAArch64NoEditor'
[2020.05.08-09.26.04:848][  0]LogTargetPlatformManager: Display: Loaded TargetPlatform 'LinuxAArch64Client'
[2020.05.08-09.26.04:856][  0]LogTargetPlatformManager: Display: Loaded TargetPlatform 'LinuxAArch64Server'
[2020.05.08-09.26.04:885][  0]LogTargetPlatformManager: Display: Loaded TargetPlatform 'Lumin'
[2020.05.08-09.26.04:885][  0]LogTargetPlatformManager: Display: Loaded TargetPlatform 'LuminClient'
[2020.05.08-09.26.04:911][  0]LogTargetPlatformManager: Display: Loaded TargetPlatform 'TVOSClient'
[2020.05.08-09.26.04:911][  0]LogTargetPlatformManager: Display: Loaded TargetPlatform 'TVOS'
[2020.05.08-09.26.04:919][  0]LogTargetPlatformManager: Display: Loaded TargetPlatform 'WindowsNoEditor'
[2020.05.08-09.26.04:928][  0]LogTargetPlatformManager: Display: Loaded TargetPlatform 'Windows'
[2020.05.08-09.26.04:936][  0]LogTargetPlatformManager: Display: Loaded TargetPlatform 'WindowsClient'
[2020.05.08-09.26.04:945][  0]LogTargetPlatformManager: Display: Loaded TargetPlatform 'WindowsServer'
[2020.05.08-09.26.04:945][  0]LogTargetPlatformManager: Display: Building Assets For Windows
[2020.05.08-09.26.04:948][  0]LogAudioDebug: Display: Lib vorbis DLL was dynamically loaded.
[2020.05.08-09.26.04:974][  0]LogShaderCompilers: Guid format shader working directory is -27 characters bigger than the processId version (../../../../../../Users/hstad/Documents/PersonalSite/IMGD4000/Pathfinding/Intermediate/Shaders/WorkingDirectory/8708/).
[2020.05.08-09.26.04:974][  0]LogShaderCompilers: Cleaned the shader compiler working directory 'C:/Users/hstad/AppData/Local/Temp/UnrealShaderWorkingDir/A2054C77454484830ACE13BA65D45B40/'.
[2020.05.08-09.26.04:975][  0]LogXGEController: Cannot use XGE Controller as Incredibuild is not installed on this machine.
[2020.05.08-09.26.04:975][  0]LogShaderCompilers: Cannot use XGE Shader Compiler as Incredibuild is not installed on this machine.
[2020.05.08-09.26.04:975][  0]LogShaderCompilers: Display: Using Local Shader Compiler.
[2020.05.08-09.26.05:843][  0]LogDerivedDataCache: Display: Max Cache Size: 512 MB
[2020.05.08-09.26.05:916][  0]LogDerivedDataCache: Loaded boot cache 0.07s 78MB C:/Users/hstad/AppData/Local/UnrealEngine/4.24/DerivedDataCache/Boot.ddc.
[2020.05.08-09.26.05:917][  0]LogDerivedDataCache: Display: Loaded Boot cache: C:/Users/hstad/AppData/Local/UnrealEngine/4.24/DerivedDataCache/Boot.ddc
[2020.05.08-09.26.05:917][  0]LogDerivedDataCache: FDerivedDataBackendGraph:  Pak pak cache file ../../../../../../Users/hstad/Documents/PersonalSite/IMGD4000/Pathfinding/DerivedDataCache/DDC.ddp not found, will not use a pak cache.
[2020.05.08-09.26.05:917][  0]LogDerivedDataCache: Unable to find inner node Pak for hierarchical cache Hierarchy.
[2020.05.08-09.26.05:917][  0]LogDerivedDataCache: FDerivedDataBackendGraph:  CompressedPak pak cache file ../../../../../../Users/hstad/Documents/PersonalSite/IMGD4000/Pathfinding/DerivedDataCache/Compressed.ddp not found, will not use a pak cache.
[2020.05.08-09.26.05:917][  0]LogDerivedDataCache: Unable to find inner node CompressedPak for hierarchical cache Hierarchy.
[2020.05.08-09.26.05:929][  0]LogDerivedDataCache: Display: Pak cache opened for reading ../../../Engine/DerivedDataCache/Compressed.ddp.
[2020.05.08-09.26.05:929][  0]LogDerivedDataCache: FDerivedDataBackendGraph:  EnterprisePak pak cache file ../../../Enterprise/DerivedDataCache/Compressed.ddp not found, will not use a pak cache.
[2020.05.08-09.26.05:929][  0]LogDerivedDataCache: Unable to find inner node EnterprisePak for hierarchical cache Hierarchy.
[2020.05.08-09.26.05:931][  0]LogDerivedDataCache: Using Local data cache path C:/Users/hstad/AppData/Local/UnrealEngine/Common/DerivedDataCache: Writable
[2020.05.08-09.26.05:931][  0]LogDerivedDataCache: Shared data cache path not found in *engine.ini, will not use an Shared cache.
[2020.05.08-09.26.05:931][  0]LogDerivedDataCache: Unable to find inner node Shared for hierarchical cache Hierarchy.
[2020.05.08-09.26.05:962][  0]LogMaterial: Verifying Global Shaders for PCD3D_SM5
[2020.05.08-09.26.05:965][  0]LogSlate: Using FreeType 2.10.0
[2020.05.08-09.26.05:965][  0]LogSlate: SlateFontServices - WITH_FREETYPE: 1, WITH_HARFBUZZ: 1
[2020.05.08-09.26.06:026][  0]LogAssetRegistry: FAssetRegistry took 0.0029 seconds to start up
[2020.05.08-09.26.06:377][  0]LogInit: Selected Device Profile: [Windows]
[2020.05.08-09.26.06:561][  0]LogMeshReduction: Using QuadricMeshReduction for automatic static mesh reduction
[2020.05.08-09.26.06:561][  0]LogMeshReduction: Using SimplygonMeshReduction for automatic skeletal mesh reduction
[2020.05.08-09.26.06:561][  0]LogMeshReduction: Using ProxyLODMeshReduction for automatic mesh merging
[2020.05.08-09.26.06:561][  0]LogMeshReduction: No distributed automatic mesh merging module available
[2020.05.08-09.26.06:561][  0]LogMeshMerging: No distributed automatic mesh merging module available
[2020.05.08-09.26.06:577][  0]LogNetVersion: Pathfinding 1.0.0, NetCL: 10570792, EngineNetVer: 13, GameNetVer: 0 (Checksum: 1732479880)
[2020.05.08-09.26.07:853][  0]LogPackageLocalizationCache: Processed 10 localized package path(s) for 1 prioritized culture(s) in 0.047463 seconds
[2020.05.08-09.26.07:862][  0]LogUObjectArray: 46750 objects as part of root set at end of initial load.
[2020.05.08-09.26.07:862][  0]LogUObjectAllocator: 8137160 out of 0 bytes used by permanent object pool.
[2020.05.08-09.26.07:862][  0]LogUObjectArray: CloseDisregardForGC: 0/0 objects in disregard for GC pool
[2020.05.08-09.26.08:367][  0]LogTcpMessaging: Initializing TcpMessaging bridge
[2020.05.08-09.26.08:372][  0]LogUdpMessaging: Initializing bridge on interface 0.0.0.0:0 to multicast group 230.0.0.1:6666.
[2020.05.08-09.26.08:435][  0]SourceControl: Source control is disabled
[2020.05.08-09.26.08:435][  0]SourceControl: Source control is disabled
[2020.05.08-09.26.08:436][  0]SourceControl: Source control is disabled
[2020.05.08-09.26.08:437][  0]SourceControl: Source control is disabled
[2020.05.08-09.26.08:438][  0]SourceControl: Source control is disabled
[2020.05.08-09.26.08:527][  0]LogAndroidPermission: UAndroidPermissionCallbackProxy::GetInstance
[2020.05.08-09.26.08:538][  0]LogAudioCaptureCore: Display: No Audio Capture implementations found. Audio input will be silent.
[2020.05.08-09.26.08:538][  0]LogAudioCaptureCore: Display: No Audio Capture implementations found. Audio input will be silent.
[2020.05.08-09.26.08:635][  0]LogOcInput: OculusInput pre-init called
[2020.05.08-09.26.08:644][  0]LogWindows: Failed to load 'OVRPlugin.dll' (GetLastError=126)
[2020.05.08-09.26.08:644][  0]LogWindows: File 'OVRPlugin.dll' does not exist
[2020.05.08-09.26.08:722][  0]LogEngine: Initializing Engine...
[2020.05.08-09.26.08:723][  0]LogHMD: Failed to initialize OpenVR with code 110
[2020.05.08-09.26.08:724][  0]LogStats: UGameplayTagsManager::InitializeManager -  0.001 s
[2020.05.08-09.26.09:144][  0]LogInit: Initializing FReadOnlyCVARCache
[2020.05.08-09.26.09:152][  0]LogAIModule: Creating AISystem for world Untitled
[2020.05.08-09.26.09:181][  0]LogAudioMixer: Display: Audio Mixer Platform Settings:
[2020.05.08-09.26.09:181][  0]LogAudioMixer: Display: 	Sample Rate:						  48000
[2020.05.08-09.26.09:181][  0]LogAudioMixer: Display: 	Callback Buffer Frame Size Requested: 1024
[2020.05.08-09.26.09:181][  0]LogAudioMixer: Display: 	Callback Buffer Frame Size To Use:	  1024
[2020.05.08-09.26.09:181][  0]LogAudioMixer: Display: 	Number of buffers to queue:			  2
[2020.05.08-09.26.09:181][  0]LogAudioMixer: Display: 	Max Channels (voices):				  32
[2020.05.08-09.26.09:181][  0]LogAudioMixer: Display: 	Number of Async Source Workers:		  0
[2020.05.08-09.26.09:181][  0]LogAudio: Display: AudioDevice MaxSources: 32
[2020.05.08-09.26.09:182][  0]LogAudio: Display: Using built-in audio occlusion.
[2020.05.08-09.26.09:182][  0]LogAudioMixer: Display: Initializing audio mixer.
[2020.05.08-09.26.09:204][  0]LogAudioMixer: Display: Audio Device Output Speaker Info:
[2020.05.08-09.26.09:204][  0]LogAudioMixer: Display: Name: Speakers (Realtek High Definition Audio)
[2020.05.08-09.26.09:204][  0]LogAudioMixer: Display: Is Default: Yes
[2020.05.08-09.26.09:204][  0]LogAudioMixer: Display: Sample Rate: 48000
[2020.05.08-09.26.09:204][  0]LogAudioMixer: Display: Channel Count Used: 2
[2020.05.08-09.26.09:204][  0]LogAudioMixer: Display: Device Channel Count: 2
[2020.05.08-09.26.09:204][  0]LogAudioMixer: Display: Channel Order:
[2020.05.08-09.26.09:204][  0]LogAudioMixer: Display: 0: FrontLeft
[2020.05.08-09.26.09:204][  0]LogAudioMixer: Display: 1: FrontRight
[2020.05.08-09.26.09:229][  0]LogAudioMixer: Display: Using Audio Device Speakers (Realtek High Definition Audio)
[2020.05.08-09.26.09:239][  0]LogInit: FAudioDevice initialized.
[2020.05.08-09.26.09:239][  0]LogNetVersion: Set ProjectVersion to 1.0.0.0. Version Checksum will be recalculated on next use.
[2020.05.08-09.26.09:427][  0]LogDerivedDataCache: Saved boot cache 0.19s 78MB C:/Users/hstad/AppData/Local/UnrealEngine/4.24/DerivedDataCache/Boot.ddc.
[2020.05.08-09.26.09:432][  0]LogInit: Texture streaming: Enabled
[2020.05.08-09.26.09:442][  0]LogEngineSessionManager: EngineSessionManager initialized
[2020.05.08-09.26.09:442][  0]LogEditorSessionSummary: Verbose: Initializing EditorSessionSummaryWriter for editor session tracking
[2020.05.08-09.26.09:444][  0]LogEditorSessionSummary: EditorSessionSummaryWriter initialized
[2020.05.08-09.26.09:502][  0]LogInit: Transaction tracking system initialized
[2020.05.08-09.26.09:512][  0]BlueprintLog: New page: Editor Load
[2020.05.08-09.26.09:551][  0]LocalizationService: Localization service is disabled
[2020.05.08-09.26.09:936][  0]LogFileCache: Scanning file cache for directory 'C:/Users/hstad/Documents/PersonalSite/IMGD4000/Pathfinding/Content/' took 0.00s
[2020.05.08-09.26.09:937][  0]LogCook: Display: Max memory allowance for cook 16384mb min free memory 0mb
[2020.05.08-09.26.09:937][  0]LogCook: Display: Mobile HDR setting 1
[2020.05.08-09.26.10:725][  0]SourceControl: Source control is disabled
[2020.05.08-09.26.10:896][  0]LogSlate: Took 0.001622 seconds to synchronously load lazily loaded font '../../../Engine/Content/Slate/Fonts/Roboto-Regular.ttf' (155K)
[2020.05.08-09.26.18:491][  0]LogSlate: Window 'Restore Packages' being destroyed
[2020.05.08-09.26.18:492][  0]LogWindowsTextInputMethodSystem: Display: IME system now deactivated.
[2020.05.08-09.26.18:497][  0]LogWindowsTextInputMethodSystem: Display: IME system now deactivated.
[2020.05.08-09.26.23:776][  0]LogSlate: Window 'Unable to Check Out From Source Control!' being destroyed
[2020.05.08-09.26.23:776][  0]LogWindowsTextInputMethodSystem: Display: IME system now deactivated.
[2020.05.08-09.26.23:780][  0]LogWindowsTextInputMethodSystem: Display: IME system now deactivated.
[2020.05.08-09.26.23:797][  0]Cmd: MAP LOAD FILE="../../../Engine/Content/Maps/Templates/Template_Default.umap" TEMPLATE=1 SHOWPROGRESS=1 FEATURELEVEL=3
[2020.05.08-09.26.23:798][  0]LightingResults: New page: Lighting Build
[2020.05.08-09.26.23:799][  0]LogWorld: UWorld::CleanupWorld for Untitled, bSessionEnded=true, bCleanupResources=true
[2020.05.08-09.26.23:799][  0]LogSlate: InvalidateAllWidgets triggered.  All widgets were invalidated
[2020.05.08-09.26.23:799][  0]MapCheck: New page: Map Check
[2020.05.08-09.26.23:799][  0]LightingResults: New page: Lighting Build
[2020.05.08-09.26.23:857][  0]LogUObjectHash: Compacting FUObjectHashTables data took   8.21ms
[2020.05.08-09.26.24:012][  0]LogAIModule: Creating AISystem for world Untitled_1
[2020.05.08-09.26.24:019][  0]LogEditorServer: Finished looking for orphan Actors (0.000 secs)
[2020.05.08-09.26.24:074][  0]LogUObjectHash: Compacting FUObjectHashTables data took   4.55ms
[2020.05.08-09.26.24:076][  0]Cmd: MAP CHECKDEP NOCLEARLOG
[2020.05.08-09.26.24:077][  0]MapCheck: Map check complete: 0 Error(s), 0 Warning(s), took 0.499ms to complete.
[2020.05.08-09.26.24:077][  0]LogFileHelpers: Loading map 'Template_Default' took 0.281
[2020.05.08-09.26.24:238][  0]LogSlate: Updating window title bar state: overlay mode, drag disabled, window buttons hidden, title bar hidden
[2020.05.08-09.26.24:249][  0]LogSlate: Updating window title bar state: overlay mode, drag disabled, window buttons hidden, title bar hidden
[2020.05.08-09.26.24:265][  0]LogSlate: Updating window title bar state: overlay mode, drag disabled, window buttons hidden, title bar hidden
[2020.05.08-09.26.24:282][  0]LogSlate: Updating window title bar state: overlay mode, drag disabled, window buttons hidden, title bar hidden
[2020.05.08-09.26.24:296][  0]LogCollectionManager: Loaded 0 collections in 0.002211 seconds
[2020.05.08-09.26.24:313][  0]LogFileCache: Scanning file cache for directory 'C:/Users/hstad/Documents/PersonalSite/IMGD4000/Pathfinding/Saved/Collections/' took 0.00s
[2020.05.08-09.26.24:313][  0]LogFileCache: Scanning file cache for directory 'C:/Users/hstad/Documents/PersonalSite/IMGD4000/Pathfinding/Content/Developers/hstad/Collections/' took 0.00s
[2020.05.08-09.26.24:313][  0]LogFileCache: Scanning file cache for directory 'C:/Users/hstad/Documents/PersonalSite/IMGD4000/Pathfinding/Content/Collections/' took 0.00s
[2020.05.08-09.26.24:313][  0]LogContentBrowser: Native class hierarchy populated in 0.0099 seconds. Added 3015 classes and 717 folders.
[2020.05.08-09.26.24:321][  0]LogContentBrowser: Native class hierarchy updated for 'WidgetCarousel' in 0.0002 seconds. Added 0 classes and 0 folders.
[2020.05.08-09.26.24:765][  0]LogContentBrowser: Native class hierarchy updated for 'AddContentDialog' in 0.0003 seconds. Added 0 classes and 0 folders.
[2020.05.08-09.26.24:776][  0]LogContentBrowser: Native class hierarchy updated for 'SceneOutliner' in 0.0003 seconds. Added 2 classes and 3 folders.
[2020.05.08-09.26.25:075][  0]LogContentBrowser: Native class hierarchy updated for 'HierarchicalLODOutliner' in 0.0003 seconds. Added 0 classes and 0 folders.
[2020.05.08-09.26.25:075][  0]LogLoad: (Engine Initialization) Total time: 23.36 seconds
[2020.05.08-09.26.25:075][  0]LogLoad: (Engine Initialization) Total Blueprint compile time: 0.00 seconds
[2020.05.08-09.26.25:147][  0]LogContentStreaming: Texture pool size now 1000 MB
[2020.05.08-09.26.25:153][  0]LogSlate: Took 0.001129 seconds to synchronously load lazily loaded font '../../../Engine/Content/Slate/Fonts/Roboto-Bold.ttf' (160K)
[2020.05.08-09.26.25:171][  0]LogSlate: Took 0.009080 seconds to synchronously load lazily loaded font '../../../Engine/Content/Editor/Slate/Fonts/FontAwesome.ttf' (139K)
[2020.05.08-09.26.25:185][  0]LogSlate: Took 0.014071 seconds to synchronously load lazily loaded font '../../../Engine/Content/Slate/Fonts/DroidSansMono.ttf' (77K)
[2020.05.08-09.26.25:417][  1]LogRenderer: Reallocating scene render targets to support 820x336 Format 10 NumSamples 1 (Frame:1).
[2020.05.08-09.26.25:519][  2]LogAssetRegistry: Asset discovery search completed in 19.4942 seconds
[2020.05.08-09.26.25:527][  2]LogCollectionManager: Fixed up redirectors for 0 collections in 0.000012 seconds (updated 0 objects)
[2020.05.08-09.26.26:184][ 24]LogSlate: Took 0.008825 seconds to synchronously load lazily loaded font '../../../Engine/Content/Slate/Fonts/Roboto-Light.ttf' (167K)
[2020.05.08-09.26.29:580][140]LogSlate: Window 'Message Log' being destroyed
[2020.05.08-09.26.29:596][140]LogSlate: Window 'Message Log' being destroyed
[2020.05.08-09.26.31:095][195]LogSlate: Took 0.000145 seconds to synchronously load lazily loaded font '../../../Engine/Content/Slate/Fonts/Roboto-Light.ttf' (167K)
[2020.05.08-09.26.32:652][251]LogAssetEditorSubsystem: Opening Asset editor for Blueprint /Game/Blueprints/BP_AI_Pathfinder.BP_AI_Pathfinder
[2020.05.08-09.26.32:934][251]LogContentBrowser: Native class hierarchy updated for 'BlueprintGraph' in 0.0006 seconds. Added 121 classes and 0 folders.
[2020.05.08-09.26.34:123][251]LogSlate: Took 0.000208 seconds to synchronously load lazily loaded font '../../../Engine/Content/Slate/Fonts/Roboto-BoldCondensed.ttf' (158K)
[2020.05.08-09.26.34:537][252]LogSlate: Took 0.006645 seconds to synchronously load lazily loaded font '../../../Engine/Content/Slate/Fonts/Roboto-Italic.ttf' (157K)
[2020.05.08-09.28.36:018][978]Cmd: OBJ SAVEPACKAGE PACKAGE="/Game/Blueprints/BP_AI_Pathfinder" FILE="../../../../../../Users/hstad/Documents/PersonalSite/IMGD4000/Pathfinding/Content/Blueprints/BP_AI_Pathfinder.uasset" SILENT=true
[2020.05.08-09.28.36:175][978]LogSavePackage: Moving '../../../../../../Users/hstad/Documents/PersonalSite/IMGD4000/Pathfinding/Saved/BP_AI_Pathfinder60DC6A6D4B5A720F2705EE9CD5E956AB.tmp' to '../../../../../../Users/hstad/Documents/PersonalSite/IMGD4000/Pathfinding/Content/Blueprints/BP_AI_Pathfinder.uasset'
[2020.05.08-09.28.36:205][978]AssetCheck: New page: Asset Save: BP_AI_Pathfinder
[2020.05.08-09.28.36:205][978]LogContentValidation: Display: Validating Blueprint /Game/Blueprints/BP_AI_Pathfinder.BP_AI_Pathfinder
[2020.05.08-09.28.37:243][  8]BlueprintLog: New page: Compile BP_AI_Pathfinder
[2020.05.08-09.28.37:568][  8]LogUObjectHash: Compacting FUObjectHashTables data took   3.83ms
[2020.05.08-09.37.05:524][756]BlueprintLog: New page: Compile BP_AI_Pathfinder
[2020.05.08-09.37.05:838][756]LogUObjectHash: Compacting FUObjectHashTables data took   4.31ms
[2020.05.08-09.37.22:136][309]Cmd: OBJ SAVEPACKAGE PACKAGE="/Game/Blueprints/BP_AI_Pathfinder" FILE="../../../../../../Users/hstad/Documents/PersonalSite/IMGD4000/Pathfinding/Content/Blueprints/BP_AI_Pathfinder.uasset" SILENT=true
[2020.05.08-09.37.22:338][309]LogSavePackage: Moving '../../../../../../Users/hstad/Documents/PersonalSite/IMGD4000/Pathfinding/Saved/BP_AI_Pathfinder55B592514E1B3D346B0308B3FB7F9246.tmp' to '../../../../../../Users/hstad/Documents/PersonalSite/IMGD4000/Pathfinding/Content/Blueprints/BP_AI_Pathfinder.uasset'
[2020.05.08-09.37.22:362][309]AssetCheck: New page: Asset Save: BP_AI_Pathfinder
[2020.05.08-09.37.22:362][309]LogContentValidation: Display: Validating Blueprint /Game/Blueprints/BP_AI_Pathfinder.BP_AI_Pathfinder
[2020.05.08-09.37.28:016][383]LogRenderer: Reallocating scene render targets to support 820x564 Format 10 NumSamples 1 (Frame:13195).
[2020.05.08-09.37.31:423][504]LogTemp: Repeating last play command: Selected Viewport
[2020.05.08-09.37.31:451][504]LogPlayLevel: PlayLevel: No blueprints needed recompiling
[2020.05.08-09.37.31:453][504]PIE: New page: PIE session: Untitled_1 (May 8, 2020, 1:37:31 AM)
[2020.05.08-09.37.31:454][504]LogOnline: OSS: Creating online subsystem instance for: NULL
[2020.05.08-09.37.31:455][504]LogOnline: OSS: TryLoadSubsystemAndSetDefault: Loaded subsystem for module [NULL]
[2020.05.08-09.37.31:455][504]LogPlayLevel: Creating play world package: /Temp/UEDPIE_0_Untitled_1
[2020.05.08-09.37.31:458][504]LogPlayLevel: PIE: StaticDuplicateObject took: (0.002705s)
[2020.05.08-09.37.31:459][504]LogAIModule: Creating AISystem for world Untitled_1
[2020.05.08-09.37.31:460][504]LogPlayLevel: PIE: World Init took: (0.001618s)
[2020.05.08-09.37.31:460][504]LogPlayLevel: PIE: Created PIE world by copying editor world from /Temp/Untitled_1.Untitled_1 to /Temp/UEDPIE_0_Untitled_1.Untitled_1 (0.004627s)
[2020.05.08-09.37.31:500][504]LogUObjectHash: Compacting FUObjectHashTables data took   4.18ms
[2020.05.08-09.37.31:501][504]LogAudioMixer: Display: Audio Mixer Platform Settings:
[2020.05.08-09.37.31:501][504]LogAudioMixer: Display: 	Sample Rate:						  48000
[2020.05.08-09.37.31:501][504]LogAudioMixer: Display: 	Callback Buffer Frame Size Requested: 1024
[2020.05.08-09.37.31:501][504]LogAudioMixer: Display: 	Callback Buffer Frame Size To Use:	  1024
[2020.05.08-09.37.31:501][504]LogAudioMixer: Display: 	Number of buffers to queue:			  2
[2020.05.08-09.37.31:501][504]LogAudioMixer: Display: 	Max Channels (voices):				  32
[2020.05.08-09.37.31:501][504]LogAudioMixer: Display: 	Number of Async Source Workers:		  0
[2020.05.08-09.37.31:501][504]LogAudio: Display: AudioDevice MaxSources: 32
[2020.05.08-09.37.31:501][504]LogAudio: Display: Using built-in audio occlusion.
[2020.05.08-09.37.31:501][504]LogAudioMixer: Display: Initializing audio mixer.
[2020.05.08-09.37.31:516][504]LogAudioMixer: Display: Audio Device Output Speaker Info:
[2020.05.08-09.37.31:516][504]LogAudioMixer: Display: Name: Speakers (Realtek High Definition Audio)
[2020.05.08-09.37.31:516][504]LogAudioMixer: Display: Is Default: Yes
[2020.05.08-09.37.31:516][504]LogAudioMixer: Display: Sample Rate: 48000
[2020.05.08-09.37.31:516][504]LogAudioMixer: Display: Channel Count Used: 2
[2020.05.08-09.37.31:516][504]LogAudioMixer: Display: Device Channel Count: 2
[2020.05.08-09.37.31:516][504]LogAudioMixer: Display: Channel Order:
[2020.05.08-09.37.31:516][504]LogAudioMixer: Display: 0: FrontLeft
[2020.05.08-09.37.31:516][504]LogAudioMixer: Display: 1: FrontRight
[2020.05.08-09.37.31:535][504]LogAudioMixer: Display: Using Audio Device Speakers (Realtek High Definition Audio)
[2020.05.08-09.37.31:537][504]LogInit: FAudioDevice initialized.
[2020.05.08-09.37.31:546][504]LogLoad: Game class is 'GameModeBase'
[2020.05.08-09.37.31:548][504]LogWorld: Bringing World /Temp/UEDPIE_0_Untitled_1.Untitled_1 up for play (max tick rate 0) at 2020.05.08-05.37.31
[2020.05.08-09.37.31:548][504]LogWorld: Bringing up level for play took: 0.000659
[2020.05.08-09.37.31:548][504]LogOnline: OSS: Creating online subsystem instance for: :Context_2
[2020.05.08-09.37.31:556][504]LogContentBrowser: Native class hierarchy updated for 'MovieSceneCapture' in 0.0004 seconds. Added 20 classes and 0 folders.
[2020.05.08-09.37.31:558][504]PIE: Play in editor start time for /Temp/UEDPIE_0_Untitled_1 -0.554
[2020.05.08-09.37.32:455][524]LogAudioMixer: Display: No commands were queued while flushing the source manager.
[2020.05.08-09.37.32:455][524]LogAudioMixer: Display: No commands were queued while flushing the source manager.
[2020.05.08-09.37.32:456][524]LogSlate: Updating window title bar state: overlay mode, drag disabled, window buttons hidden, title bar hidden
[2020.05.08-09.37.32:456][524]LogWorld: BeginTearingDown for /Temp/UEDPIE_0_Untitled_1
[2020.05.08-09.37.32:456][524]LogAudioMixer: Display: No commands were queued while flushing the source manager.
[2020.05.08-09.37.32:456][524]LogWorld: UWorld::CleanupWorld for Untitled_1, bSessionEnded=true, bCleanupResources=true
[2020.05.08-09.37.32:457][524]LogSlate: InvalidateAllWidgets triggered.  All widgets were invalidated
[2020.05.08-09.37.32:473][524]LogPlayLevel: Display: Shutting down PIE online subsystems
[2020.05.08-09.37.32:484][524]LogSlate: InvalidateAllWidgets triggered.  All widgets were invalidated
[2020.05.08-09.37.32:520][524]LogAudioMixer: Display: No commands were queued while flushing the source manager.
[2020.05.08-09.37.32:524][524]LogSlate: Updating window title bar state: overlay mode, drag disabled, window buttons hidden, title bar hidden
[2020.05.08-09.37.32:555][524]LogUObjectHash: Compacting FUObjectHashTables data took   4.43ms
[2020.05.08-09.37.32:577][525]LogPlayLevel: Display: Destroying online subsystem :Context_2
[2020.05.08-09.37.37:509][698]LogUObjectHash: Compacting FUObjectHashTables data took   3.36ms
[2020.05.08-09.37.37:511][698]Cmd: MAP LOAD FILE="../../../../../../Users/hstad/Documents/PersonalSite/IMGD4000/Pathfinding/Content/PathfindingMap.umap" TEMPLATE=0 SHOWPROGRESS=1 FEATURELEVEL=3
[2020.05.08-09.37.37:555][698]LightingResults: New page: Lighting Build
[2020.05.08-09.37.37:557][698]LoadErrors: New page: Loading map: PathfindingMap.umap
[2020.05.08-09.37.37:558][698]LogWorld: UWorld::CleanupWorld for Untitled_1, bSessionEnded=true, bCleanupResources=true
[2020.05.08-09.37.37:558][698]LogSlate: InvalidateAllWidgets triggered.  All widgets were invalidated
[2020.05.08-09.37.37:558][698]MapCheck: New page: Map Check
[2020.05.08-09.37.37:558][698]LightingResults: New page: Lighting Build
[2020.05.08-09.37.37:605][698]LogUObjectHash: Compacting FUObjectHashTables data took   4.14ms
[2020.05.08-09.37.37:840][698]LogAIModule: Creating AISystem for world PathfindingMap
[2020.05.08-09.37.37:842][698]LogMaterial: Display: Material /Game/Materials/mat_ground_fast.mat_ground_fast needed to have new flag set bUsedWithStaticLighting !
[2020.05.08-09.37.37:850][698]LogMaterial: Display: Missing cached shader map for material mat_ground_fast, compiling. 
[2020.05.08-09.37.37:934][698]MapCheck: Warning: mat_ground_fast Material /Game/Materials/mat_ground_fast.mat_ground_fast was missing the usage flag bUsedWithStaticLighting. If the material asset is not re-saved, it may not render correctly when run outside the editor. Fix
[2020.05.08-09.37.37:975][698]LogShaderCompilers: Display: Worker (1/5): shaders left to compile 24
[2020.05.08-09.37.37:975][698]LogShaderCompilers: Display: Worker (2/5): shaders left to compile 17
[2020.05.08-09.37.37:975][698]LogShaderCompilers: Display: Worker (3/5): shaders left to compile 10
[2020.05.08-09.37.37:975][698]LogShaderCompilers: Display: Worker (4/5): shaders left to compile 3
[2020.05.08-09.37.38:006][698]LogMaterial: Display: Material /Game/Materials/mat_wall.mat_wall needed to have new flag set bUsedWithStaticLighting !
[2020.05.08-09.37.38:023][698]LogMaterial: Display: Missing cached shader map for material mat_wall, compiling. 
[2020.05.08-09.37.38:062][698]MapCheck: Warning: mat_wall Material /Game/Materials/mat_wall.mat_wall was missing the usage flag bUsedWithStaticLighting. If the material asset is not re-saved, it may not render correctly when run outside the editor. Fix
[2020.05.08-09.37.38:063][698]LogMaterial: Display: Material /Game/Materials/mat_ground_slow.mat_ground_slow needed to have new flag set bUsedWithStaticLighting !
[2020.05.08-09.37.38:074][698]LogMaterial: Display: Missing cached shader map for material mat_ground_slow, compiling. 
[2020.05.08-09.37.38:108][698]MapCheck: Warning: mat_ground_slow Material /Game/Materials/mat_ground_slow.mat_ground_slow was missing the usage flag bUsedWithStaticLighting. If the material asset is not re-saved, it may not render correctly when run outside the editor. Fix
[2020.05.08-09.37.38:109][698]LogMaterial: Display: Material /Game/Materials/mat_ground_avoid.mat_ground_avoid needed to have new flag set bUsedWithStaticLighting !
[2020.05.08-09.37.38:123][698]LogMaterial: Display: Missing cached shader map for material mat_ground_avoid, compiling. 
[2020.05.08-09.37.38:159][698]MapCheck: Warning: mat_ground_avoid Material /Game/Materials/mat_ground_avoid.mat_ground_avoid was missing the usage flag bUsedWithStaticLighting. If the material asset is not re-saved, it may not render correctly when run outside the editor. Fix
[2020.05.08-09.37.38:164][698]LogMaterial: Display: Material /Game/Materials/mat_ground_normal.mat_ground_normal needed to have new flag set bUsedWithStaticLighting !
[2020.05.08-09.37.38:183][698]LogMaterial: Display: Missing cached shader map for material mat_ground_normal, compiling. 
[2020.05.08-09.37.38:227][698]MapCheck: Warning: mat_ground_normal Material /Game/Materials/mat_ground_normal.mat_ground_normal was missing the usage flag bUsedWithStaticLighting. If the material asset is not re-saved, it may not render correctly when run outside the editor. Fix
[2020.05.08-09.37.38:501][698]LogEditorServer: Finished looking for orphan Actors (0.000 secs)
[2020.05.08-09.37.38:574][698]LogUObjectHash: Compacting FUObjectHashTables data took  10.42ms
[2020.05.08-09.37.38:663][698]Cmd: MAP CHECKDEP NOCLEARLOG
[2020.05.08-09.37.38:664][698]MapCheck: Map check complete: 0 Error(s), 5 Warning(s), took 0.367ms to complete.
[2020.05.08-09.37.38:688][698]LogFileHelpers: Loading map 'PathfindingMap' took 1.178
[2020.05.08-09.37.38:690][698]LogSlate: Window 'Open Level' being destroyed
[2020.05.08-09.37.40:638][724]LogShaderCompilers: Display: Worker (4/5): shaders left to compile 96
[2020.05.08-09.37.40:821][729]LogSlate: Window 'Message Log' being destroyed
[2020.05.08-09.37.40:888][729]LogSlate: Window 'Message Log' being destroyed
[2020.05.08-09.37.44:845][775]LogShaderCompilers: Display: Worker (1/5): shaders left to compile 86
[2020.05.08-09.37.45:138][775]LogShaderCompilers: Display: Worker (2/5): shaders left to compile 76
[2020.05.08-09.37.45:256][775]LogShaderCompilers: Display: Worker (3/5): shaders left to compile 66
[2020.05.08-09.37.45:578][775]LogD3D11RHI: Timed out while waiting for GPU to catch up. (0.5 s) (ErrorCode 00000001)
[2020.05.08-09.37.46:079][775]LogD3D11RHI: Timed out while waiting for GPU to catch up. (0.5 s) (ErrorCode 00000001)
[2020.05.08-09.37.46:581][775]LogD3D11RHI: Timed out while waiting for GPU to catch up. (0.5 s) (ErrorCode 00000001)
[2020.05.08-09.37.46:585][775]LogEditorViewport: Clicking on Actor (LMB): BP_Ground_Slow_C (BP_Ground_Slow)
[2020.05.08-09.37.47:084][775]LogD3D11RHI: Timed out while waiting for GPU to catch up. (0.5 s) (ErrorCode 00000001)
[2020.05.08-09.37.47:584][775]LogD3D11RHI: Timed out while waiting for GPU to catch up. (0.5 s) (ErrorCode 00000001)
[2020.05.08-09.37.47:952][775]LogShaderCompilers: Display: Worker (4/5): shaders left to compile 56
[2020.05.08-09.37.48:085][775]LogD3D11RHI: Timed out while waiting for GPU to catch up. (0.5 s) (ErrorCode 00000001)
[2020.05.08-09.37.48:585][775]LogD3D11RHI: Timed out while waiting for GPU to catch up. (0.5 s) (ErrorCode 00000001)
[2020.05.08-09.37.49:085][775]LogD3D11RHI: Timed out while waiting for GPU to catch up. (0.5 s) (ErrorCode 00000001)
[2020.05.08-09.37.49:585][775]LogD3D11RHI: Timed out while waiting for GPU to catch up. (0.5 s) (ErrorCode 00000001)
[2020.05.08-09.37.50:085][775]LogD3D11RHI: Timed out while waiting for GPU to catch up. (0.5 s) (ErrorCode 00000001)
[2020.05.08-09.37.50:125][775]LogShaderCompilers: Display: Worker (2/5): shaders left to compile 46
[2020.05.08-09.37.50:585][775]LogD3D11RHI: Timed out while waiting for GPU to catch up. (0.5 s) (ErrorCode 00000001)
[2020.05.08-09.37.50:940][775]LogShaderCompilers: Display: Worker (1/5): shaders left to compile 36
[2020.05.08-09.37.51:086][775]LogD3D11RHI: Timed out while waiting for GPU to catch up. (0.5 s) (ErrorCode 00000001)
[2020.05.08-09.37.51:586][775]LogD3D11RHI: Timed out while waiting for GPU to catch up. (0.5 s) (ErrorCode 00000001)
[2020.05.08-09.37.51:925][775]LogShaderCompilers: Display: Worker (3/5): shaders left to compile 26
[2020.05.08-09.37.52:085][775]LogD3D11RHI: Timed out while waiting for GPU to catch up. (0.5 s) (ErrorCode 00000001)
[2020.05.08-09.37.52:586][775]LogD3D11RHI: Timed out while waiting for GPU to catch up. (0.5 s) (ErrorCode 00000001)
[2020.05.08-09.37.52:790][775]LogShaderCompilers: Display: Worker (4/5): shaders left to compile 19
[2020.05.08-09.37.53:086][775]LogD3D11RHI: Timed out while waiting for GPU to catch up. (0.5 s) (ErrorCode 00000001)
[2020.05.08-09.37.53:586][775]LogD3D11RHI: Timed out while waiting for GPU to catch up. (0.5 s) (ErrorCode 00000001)
[2020.05.08-09.37.54:087][775]LogD3D11RHI: Timed out while waiting for GPU to catch up. (0.5 s) (ErrorCode 00000001)
[2020.05.08-09.37.54:587][775]LogD3D11RHI: Timed out while waiting for GPU to catch up. (0.5 s) (ErrorCode 00000001)
[2020.05.08-09.37.54:969][775]LogShaderCompilers: Display: Worker (3/5): shaders left to compile 14
[2020.05.08-09.37.55:087][775]LogD3D11RHI: Timed out while waiting for GPU to catch up. (0.5 s) (ErrorCode 00000001)
[2020.05.08-09.37.56:088][775]LogRHI: Error: SyncInterval 0
[2020.05.08-09.37.56:088][775]LogRHI: Error: SwapChainDesc.BufferDesc.Width 960
[2020.05.08-09.37.56:088][775]LogRHI: Error: SwapChainDesc.BufferDesc.Height 1080
[2020.05.08-09.37.56:088][775]LogRHI: Error: SwapChainDesc.BufferDesc.RefreshRate.Numerator 0
[2020.05.08-09.37.56:089][775]LogRHI: Error: SwapChainDesc.BufferDesc.RefreshRate.Denominator 0
[2020.05.08-09.37.56:089][775]LogRHI: Error: SwapChainDesc.BufferDesc.Format 24
[2020.05.08-09.37.56:089][775]LogRHI: Error: SwapChainDesc.BufferDesc.ScanlineOrdering 0
[2020.05.08-09.37.56:089][775]LogRHI: Error: SwapChainDesc.BufferDesc.Scaling 0
[2020.05.08-09.37.56:089][775]LogRHI: Error: SwapChainDesc.SampleDesc.Count 1
[2020.05.08-09.37.56:089][775]LogRHI: Error: SwapChainDesc.SampleDesc.Quality 0
[2020.05.08-09.37.56:089][775]LogRHI: Error: SwapChainDesc.BufferUsage 48
[2020.05.08-09.37.56:089][775]LogRHI: Error: SwapChainDesc.BufferCount 2
[2020.05.08-09.37.56:089][775]LogRHI: Error: SwapChainDesc.OutputWindow 000000000022057E
[2020.05.08-09.37.56:089][775]LogRHI: Error: SwapChainDesc.Windowed true
[2020.05.08-09.37.56:089][775]LogRHI: Error: SwapChainDesc.SwapEffect 4
[2020.05.08-09.37.56:089][775]LogRHI: Error: SwapChainDesc.Flags 2050
[2020.05.08-09.37.56:089][775]LogD3D11RHI: Error: Result failed 
 at D:/Build/++UE4/Sync/Engine/Source/Runtime/Windows/D3D11RHI/Private/D3D11Viewport.cpp:389 
 with error DXGI_ERROR_DEVICE_REMOVED 00000000
[2020.05.08-09.37.56:089][775]LogD3D11RHI: [Aftermath] GDynamicRHI=00000155E3CCA0C0, GDX11NVAfterMathEnabled=0, Result=0xFFFFFFFF, bDeviceActive=0
[2020.05.08-09.37.56:089][775]LogWindows: Windows GetLastError: The operation completed successfully. (0)
[2020.05.08-09.38.00:984][775]LogShaderCompilers: Display: Worker (3/5): shaders left to compile 10
[2020.05.08-09.38.00:984][775]LogShaderCompilers: Display: Worker (4/5): shaders left to compile 7
[2020.05.08-09.38.00:984][775]LogShaderCompilers: Display: Worker (1/5): shaders left to compile 4
[2020.05.08-09.38.00:984][775]LogShaderCompilers: Display: Worker (2/5): shaders left to compile 2
[2020.05.08-09.38.00:984][775]LogThreadingWindows: Error: Runnable thread RenderThread 5 crashed.
[2020.05.08-09.38.00:984][775]LogWindows: Error: === Critical error: ===
[2020.05.08-09.38.00:984][775]LogOutputDevice: Warning: 

Script Stack (0 frames):

[2020.05.08-09.38.00:984][775]LogWindows: Error: 
[2020.05.08-09.38.00:984][775]LogWindows: Error: Fatal error: [File:D:/Build/++UE4/Sync/Engine/Source/Runtime/Windows/D3D11RHI/Private/D3D11Util.cpp] [Line: 198] 
[2020.05.08-09.38.00:984][775]LogWindows: Error: Unreal Engine is exiting due to D3D device being lost. (Error: 0x0 - 'S_OK')
[2020.05.08-09.38.00:984][775]LogWindows: Windows GetLastError: The operation completed successfully. (0)
[2020.05.08-09.38.00:984][775]LogWindows: Error: 
[2020.05.08-09.38.00:984][775]LogWindows: Error: 
[2020.05.08-09.38.00:984][775]LogWindows: Error: Unhandled Exception: 0x00008000
[2020.05.08-09.38.00:984][775]LogWindows: Error: HandleError re-entered.
[2020.05.08-09.38.00:984][775]LogWindows: Error: 
[2020.05.08-09.38.00:984][775]LogWindows: FPlatformMisc::RequestExit(1)
[2020.05.08-09.38.00:984][775]LogWindows: Error: [Callstack] 0x00007ff9e5ffa799 KERNELBASE.dll!UnknownFunction []
[2020.05.08-09.38.00:984][775]LogCore: Engine exit requested (reason: Win RequestExit)
[2020.05.08-09.38.00:984][775]LogWindows: Error: [Callstack] 0x00007ff9a478c166 UE4Editor-Core.dll!UnknownFunction []
[2020.05.08-09.38.00:984][775]LogWindows: Error: [Callstack] 0x00007ff9a478dc51 UE4Editor-Core.dll!UnknownFunction []
[2020.05.08-09.38.00:984][775]LogWindows: Error: [Callstack] 0x00007ff9a4542c7d UE4Editor-Core.dll!UnknownFunction []
[2020.05.08-09.38.00:984][775]LogWindows: Error: [Callstack] 0x00007ff9888213e9 UE4Editor-D3D11RHI.dll!UnknownFunction []
[2020.05.08-09.38.00:984][775]LogWindows: Error: [Callstack] 0x00007ff988825bbf UE4Editor-D3D11RHI.dll!UnknownFunction []
[2020.05.08-09.38.00:984][775]LogWindows: Error: [Callstack] 0x00007ff988807549 UE4Editor-D3D11RHI.dll!UnknownFunction []
[2020.05.08-09.38.00:984][775]LogWindows: Error: [Callstack] 0x00007ff988806912 UE4Editor-D3D11RHI.dll!UnknownFunction []
[2020.05.08-09.38.00:984][775]LogWindows: Error: [Callstack] 0x00007ff988812b9d UE4Editor-D3D11RHI.dll!UnknownFunction []
[2020.05.08-09.38.00:984][775]LogWindows: Error: [Callstack] 0x00007ff9c415b920 UE4Editor-RHI.dll!UnknownFunction []
[2020.05.08-09.38.00:984][775]LogWindows: Error: [Callstack] 0x00007ff9c415eff0 UE4Editor-RHI.dll!UnknownFunction []
[2020.05.08-09.38.00:984][775]LogWindows: Error: [Callstack] 0x00007ff9c415eacf UE4Editor-RHI.dll!UnknownFunction []
[2020.05.08-09.38.00:984][775]LogWindows: Error: [Callstack] 0x00007ff9c415fc8b UE4Editor-RHI.dll!UnknownFunction []
[2020.05.08-09.38.00:984][775]LogWindows: Error: [Callstack] 0x00007ff9c4152162 UE4Editor-RHI.dll!UnknownFunction []
[2020.05.08-09.38.00:984][775]LogWindows: Error: [Callstack] 0x00007ff9885a765a UE4Editor-SlateRHIRenderer.dll!UnknownFunction []
[2020.05.08-09.38.00:984][775]LogWindows: Error: [Callstack] 0x00007ff98859c8ac UE4Editor-SlateRHIRenderer.dll!UnknownFunction []
[2020.05.08-09.38.00:984][775]LogWindows: Error: [Callstack] 0x00007ff9885af60c UE4Editor-SlateRHIRenderer.dll!UnknownFunction []
[2020.05.08-09.38.00:984][775]LogWindows: Error: [Callstack] 0x00007ff9a4319ff2 UE4Editor-Core.dll!UnknownFunction []
[2020.05.08-09.38.00:984][775]LogWindows: Error: [Callstack] 0x00007ff9a431a393 UE4Editor-Core.dll!UnknownFunction []
[2020.05.08-09.38.00:984][775]LogWindows: Error: [Callstack] 0x00007ff9c6295391 UE4Editor-RenderCore.dll!UnknownFunction []
[2020.05.08-09.38.00:984][775]LogWindows: Error: [Callstack] 0x00007ff9c629e254 UE4Editor-RenderCore.dll!UnknownFunction []
[2020.05.08-09.38.00:984][775]LogWindows: Error: [Callstack] 0x00007ff9a47932ef UE4Editor-Core.dll!UnknownFunction []
[2020.05.08-09.38.00:984][775]LogWindows: Error: [Callstack] 0x00007ff9a4792f94 UE4Editor-Core.dll!UnknownFunction []
[2020.05.08-09.38.00:984][775]LogWindows: Error: [Callstack] 0x00007ff9e6e57bd4 KERNEL32.DLL!UnknownFunction []
[2020.05.08-09.38.00:985][775]LogWindows: Error: [Callstack] 0x00007ff9e868ce51 ntdll.dll!UnknownFunction []
[2020.05.08-09.38.00:985][775]LogWindows: Error: 
[2020.05.08-09.38.00:985][775]LogWindows: Error: Crash in runnable thread RenderThread 5
[2020.05.08-09.38.00:997][775]Log file closed, 05/08/20 05:38:00
