Log file open, 05/08/20 05:38:05
LogWindows: Failed to load 'aqProf.dll' (GetLastError=126)
LogWindows: File 'aqProf.dll' does not exist
LogWindows: Failed to load 'VtuneApi.dll' (GetLastError=126)
LogWindows: File 'VtuneApi.dll' does not exist
LogWindows: Failed to load 'VtuneApi32e.dll' (GetLastError=126)
LogWindows: File 'VtuneApi32e.dll' does not exist
LogConsoleResponse: Display: Failed to find resolution value strings in scalability ini. Falling back to default.
LogInit: Display: Running engine for game: Pathfinding
LogPlatformFile: Not using cached read wrapper
LogTaskGraph: Started task graph with 5 named threads and 23 total threads with 3 sets of task threads.
LogStats: Stats thread started at 0.130017
LogD3D11RHI: Loaded GFSDK_Aftermath_Lib.x64.dll
LogICUInternationalization: ICU TimeZone Detection - Raw Offset: -5:00, Platform Override: ''
LogPluginManager: Mounting plugin Paper2D
LogPluginManager: Mounting plugin AISupport
LogPluginManager: Mounting plugin LightPropagationVolume
LogPluginManager: Mounting plugin ActorLayerUtilities
LogPluginManager: Mounting plugin AnimationSharing
LogPluginManager: Mounting plugin CLionSourceCodeAccess
LogPluginManager: Mounting plugin CodeLiteSourceCodeAccess
LogPluginManager: Mounting plugin GitSourceControl
LogPluginManager: Mounting plugin KDevelopSourceCodeAccess
LogPluginManager: Mounting plugin NullSourceCodeAccess
LogPluginManager: Mounting plugin PerforceSourceControl
LogPluginManager: Mounting plugin PlasticSourceControl
LogPluginManager: Mounting plugin SubversionSourceControl
LogPluginManager: Mounting plugin UObjectPlugin
LogPluginManager: Mounting plugin VisualStudioCodeSourceCodeAccess
LogPluginManager: Mounting plugin VisualStudioSourceCodeAccess
LogPluginManager: Mounting plugin XCodeSourceCodeAccess
LogPluginManager: Mounting plugin AssetManagerEditor
LogPluginManager: Mounting plugin CryptoKeys
LogPluginManager: Mounting plugin CurveEditorTools
LogPluginManager: Mounting plugin DataValidation
LogPluginManager: Mounting plugin FacialAnimation
LogPluginManager: Mounting plugin GameplayTagsEditor
LogPluginManager: Mounting plugin MacGraphicsSwitching
LogPluginManager: Mounting plugin MaterialAnalyzer
LogPluginManager: Mounting plugin MobileLauncherProfileWizard
LogPluginManager: Mounting plugin PluginBrowser
LogPluginManager: Mounting plugin SpeedTreeImporter
LogPluginManager: Mounting plugin DatasmithContent
LogPluginManager: Mounting plugin VariantManagerContent
LogPluginManager: Mounting plugin AlembicImporter
LogPluginManager: Mounting plugin AutomationUtils
LogPluginManager: Mounting plugin BackChannel
LogPluginManager: Mounting plugin CharacterAI
LogPluginManager: Mounting plugin GeometryCache
LogPluginManager: Mounting plugin PlatformCrypto
LogPluginManager: Mounting plugin ProxyLODPlugin
LogPluginManager: Mounting plugin SkeletalReduction
LogPluginManager: Mounting plugin MagicLeap
LogPluginManager: Mounting plugin MagicLeapMedia
LogPluginManager: Mounting plugin MLSDK
LogPluginManager: Mounting plugin AndroidMedia
LogPluginManager: Mounting plugin AvfMedia
LogPluginManager: Mounting plugin ImgMedia
LogPluginManager: Mounting plugin MediaCompositing
LogPluginManager: Mounting plugin MediaPlayerEditor
LogPluginManager: Mounting plugin WebMMedia
LogPluginManager: Mounting plugin WmfMedia
LogPluginManager: Mounting plugin TcpMessaging
LogPluginManager: Mounting plugin UdpMessaging
LogPluginManager: Mounting plugin ActorSequence
LogPluginManager: Mounting plugin LevelSequenceEditor
LogPluginManager: Mounting plugin MatineeToLevelSequence
LogPluginManager: Mounting plugin NetcodeUnitTest
LogPluginManager: Mounting plugin NUTUnrealEngine4
LogPluginManager: Mounting plugin OnlineSubsystemGooglePlay
LogPluginManager: Mounting plugin OnlineSubsystemIOS
LogPluginManager: Mounting plugin OnlineSubsystem
LogPluginManager: Mounting plugin OnlineSubsystemNull
LogPluginManager: Mounting plugin OnlineSubsystemUtils
LogPluginManager: Mounting plugin LauncherChunkInstaller
LogPluginManager: Mounting plugin AndroidDeviceProfileSelector
LogPluginManager: Mounting plugin AndroidMoviePlayer
LogPluginManager: Mounting plugin AndroidPermission
LogPluginManager: Mounting plugin AppleImageUtils
LogPluginManager: Mounting plugin AppleMoviePlayer
LogPluginManager: Mounting plugin ArchVisCharacter
LogPluginManager: Mounting plugin AssetTags
LogPluginManager: Mounting plugin AudioCapture
LogPluginManager: Mounting plugin CableComponent
LogPluginManager: Mounting plugin CustomMeshComponent
LogPluginManager: Mounting plugin EditableMesh
LogPluginManager: Mounting plugin ExampleDeviceProfileSelector
LogPluginManager: Mounting plugin GoogleCloudMessaging
LogPluginManager: Mounting plugin IOSDeviceProfileSelector
LogPluginManager: Mounting plugin LinuxDeviceProfileSelector
LogPluginManager: Mounting plugin LocationServicesBPLibrary
LogPluginManager: Mounting plugin MobilePatchingUtils
LogPluginManager: Mounting plugin OculusVR
LogPluginManager: Mounting plugin PhysXVehicles
LogPluginManager: Mounting plugin PostSplashScreen
LogPluginManager: Mounting plugin ProceduralMeshComponent
LogPluginManager: Mounting plugin RuntimePhysXCooking
LogPluginManager: Mounting plugin SignificanceManager
LogPluginManager: Mounting plugin SteamVR
LogPluginManager: Mounting plugin WebMMoviePlayer
LogPluginManager: Mounting plugin WindowsMoviePlayer
LogPluginManager: Mounting plugin ScreenshotTools
LogInit: Using libcurl 7.55.1-DEV
LogInit:  - built for x86_64-pc-win32
LogInit:  - supports SSL with OpenSSL/1.1.1
LogInit:  - supports HTTP deflate (compression) using libz 1.2.8
LogInit:  - other features:
LogInit:      CURL_VERSION_SSL
LogInit:      CURL_VERSION_LIBZ
LogInit:      CURL_VERSION_IPV6
LogInit:      CURL_VERSION_ASYNCHDNS
LogInit:      CURL_VERSION_LARGEFILE
LogInit:      CURL_VERSION_IDN
LogInit:  CurlRequestOptions (configurable via config and command line):
LogInit:  - bVerifyPeer = true  - Libcurl will verify peer certificate
LogInit:  - bUseHttpProxy = false  - Libcurl will NOT use HTTP proxy
LogInit:  - bDontReuseConnections = false  - Libcurl will reuse connections
LogInit:  - MaxHostConnections = 16  - Libcurl will limit the number of connections to a host
LogInit:  - LocalHostAddr = Default
LogInit:  - BufferSize = 65536
LogOnline: OSS: Creating online subsystem instance for: NULL
LogInit: WinSock: version 1.1 (2.2), MaxSocks=32767, MaxUdp=65467
LogOnline: OSS: TryLoadSubsystemAndSetDefault: Loaded subsystem for module [NULL]
LogInit: Build: ++UE4+Release-4.24-CL-11590370
LogInit: Engine Version: 4.24.3-11590370+++UE4+Release-4.24
LogInit: Compatible Engine Version: 4.24.0-10570792+++UE4+Release-4.24
LogInit: Net CL: 10570792
LogInit: OS: Windows 10 (Release 1903) (), CPU: Intel(R) Core(TM) i7-7700HQ CPU @ 2.80GHz, GPU: Intel(R) HD Graphics 630
LogInit: Compiled (64-bit): Feb 24 2020 15:39:18
LogInit: Compiled with Visual C++: 19.16.27032.01
LogInit: Build Configuration: Development
LogInit: Branch Name: ++UE4+Release-4.24
LogInit: Command Line: 
LogInit: Base Directory: C:/Program Files/Epic Games/UE_4.24/Engine/Binaries/Win64/
LogInit: Installed Engine Build: 1
LogDevObjectVersion: Number of dev versions registered: 25
LogDevObjectVersion:   Dev-Blueprints (B0D832E4-1F89-4F0D-ACCF-7EB736FD4AA2): 10
LogDevObjectVersion:   Dev-Build (E1C64328-A22C-4D53-A36C-8E866417BD8C): 0
LogDevObjectVersion:   Dev-Core (375EC13C-06E4-48FB-B500-84F0262A717E): 3
LogDevObjectVersion:   Dev-Editor (E4B068ED-F494-42E9-A231-DA0B2E46BB41): 37
LogDevObjectVersion:   Dev-Framework (CFFC743F-43B0-4480-9391-14DF171D2073): 36
LogDevObjectVersion:   Dev-Mobile (B02B49B5-BB20-44E9-A304-32B752E40360): 2
LogDevObjectVersion:   Dev-Networking (A4E4105C-59A1-49B5-A7C5-40C4547EDFEE): 0
LogDevObjectVersion:   Dev-Online (39C831C9-5AE6-47DC-9A44-9C173E1C8E7C): 0
LogDevObjectVersion:   Dev-Physics (78F01B33-EBEA-4F98-B9B4-84EACCB95AA2): 2
LogDevObjectVersion:   Dev-Platform (6631380F-2D4D-43E0-8009-CF276956A95A): 0
LogDevObjectVersion:   Dev-Rendering (12F88B9F-8875-4AFC-A67C-D90C383ABD29): 36
LogDevObjectVersion:   Dev-Sequencer (7B5AE74C-D270-4C10-A958-57980B212A5A): 11
LogDevObjectVersion:   Dev-VR (D7296918-1DD6-4BDD-9DE2-64A83CC13884): 2
LogDevObjectVersion:   Dev-LoadTimes (C2A15278-BFE7-4AFE-6C17-90FF531DF755): 1
LogDevObjectVersion:   Private-Geometry (6EACA3D4-40EC-4CC1-B786-8BED09428FC5): 3
LogDevObjectVersion:   Dev-AnimPhys (29E575DD-E0A3-4627-9D10-D276232CDCEA): 17
LogDevObjectVersion:   Dev-Anim (AF43A65D-7FD3-4947-9873-3E8ED9C1BB05): 2
LogDevObjectVersion:   Dev-ReflectionCapture (6B266CEC-1EC7-4B8F-A30B-E4D90942FC07): 1
LogDevObjectVersion:   Dev-Automation (0DF73D61-A23F-47EA-B727-89E90C41499A): 1
LogDevObjectVersion:   FortniteMain (601D1886-AC64-4F84-AA16-D3DE0DEAC7D6): 31
LogDevObjectVersion:   Dev-Enterprise (9DFFBCD6-494F-0158-E221-12823C92A888): 8
LogDevObjectVersion:   Dev-Niagara (F2AED0AC-9AFE-416F-8664-AA7FFA26D6FC): 1
LogDevObjectVersion:   Dev-Destruction (174F1F0B-B4C6-45A5-B13F-2EE8D0FB917D): 9
LogDevObjectVersion:   Dev-Physics-Ext (35F94A83-E258-406C-A318-09F59610247C): 8
LogDevObjectVersion:   Dev-CineCamera (B2E18506-4273-CFC2-A54E-F4BB758BBA07): 1
LogInit: Presizing for max 25165824 objects, including 0 objects not considered by GC, pre-allocating 0 bytes for permanent pool.
LogInit: Object subsystem initialized
LogConfig: Setting CVar [[con.DebugEarlyDefault:1]]
LogConfig: Setting CVar [[r.setres:1280x720]]
[2020.05.08-09.38.05:739][  0]LogConfig: Setting CVar [[r.VSync:0]]
[2020.05.08-09.38.05:739][  0]LogConfig: Setting CVar [[r.RHICmdBypass:0]]
[2020.05.08-09.38.05:739][  0]LogConfig: Applying CVar settings from Section [/Script/Engine.RendererSettings] File [C:/Users/hstad/Documents/PersonalSite/IMGD4000/Pathfinding/Saved/Config/Windows/Engine.ini]
[2020.05.08-09.38.05:739][  0]LogConfig: Setting CVar [[r.GPUCrashDebugging:0]]
[2020.05.08-09.38.05:739][  0]LogConfig: Applying CVar settings from Section [/Script/Engine.RendererOverrideSettings] File [C:/Users/hstad/Documents/PersonalSite/IMGD4000/Pathfinding/Saved/Config/Windows/Engine.ini]
[2020.05.08-09.38.05:739][  0]LogConfig: Applying CVar settings from Section [/Script/Engine.StreamingSettings] File [C:/Users/hstad/Documents/PersonalSite/IMGD4000/Pathfinding/Saved/Config/Windows/Engine.ini]
[2020.05.08-09.38.05:739][  0]LogConfig: Setting CVar [[s.MinBulkDataSizeForAsyncLoading:131072]]
[2020.05.08-09.38.05:739][  0]LogConfig: Setting CVar [[s.AsyncLoadingThreadEnabled:0]]
[2020.05.08-09.38.05:739][  0]LogConfig: Setting CVar [[s.EventDrivenLoaderEnabled:1]]
[2020.05.08-09.38.05:739][  0]LogConfig: Setting CVar [[s.WarnIfTimeLimitExceeded:0]]
[2020.05.08-09.38.05:739][  0]LogConfig: Setting CVar [[s.TimeLimitExceededMultiplier:1.5]]
[2020.05.08-09.38.05:740][  0]LogConfig: Setting CVar [[s.TimeLimitExceededMinTime:0.005]]
[2020.05.08-09.38.05:740][  0]LogConfig: Setting CVar [[s.UseBackgroundLevelStreaming:1]]
[2020.05.08-09.38.05:740][  0]LogConfig: Setting CVar [[s.PriorityAsyncLoadingExtraTime:15.0]]
[2020.05.08-09.38.05:740][  0]LogConfig: Setting CVar [[s.LevelStreamingActorsUpdateTimeLimit:5.0]]
[2020.05.08-09.38.05:740][  0]LogConfig: Setting CVar [[s.PriorityLevelStreamingActorsUpdateExtraTime:5.0]]
[2020.05.08-09.38.05:740][  0]LogConfig: Setting CVar [[s.LevelStreamingComponentsRegistrationGranularity:10]]
[2020.05.08-09.38.05:740][  0]LogConfig: Setting CVar [[s.UnregisterComponentsTimeLimit:1.0]]
[2020.05.08-09.38.05:740][  0]LogConfig: Setting CVar [[s.LevelStreamingComponentsUnregistrationGranularity:5]]
[2020.05.08-09.38.05:740][  0]LogConfig: Setting CVar [[s.FlushStreamingOnExit:1]]
[2020.05.08-09.38.05:740][  0]LogConfig: Applying CVar settings from Section [/Script/Engine.GarbageCollectionSettings] File [C:/Users/hstad/Documents/PersonalSite/IMGD4000/Pathfinding/Saved/Config/Windows/Engine.ini]
[2020.05.08-09.38.05:740][  0]LogConfig: Setting CVar [[gc.MaxObjectsNotConsideredByGC:1]]
[2020.05.08-09.38.05:740][  0]LogConfig: Setting CVar [[gc.SizeOfPermanentObjectPool:0]]
[2020.05.08-09.38.05:740][  0]LogConfig: Setting CVar [[gc.FlushStreamingOnGC:0]]
[2020.05.08-09.38.05:740][  0]LogConfig: Setting CVar [[gc.NumRetriesBeforeForcingGC:10]]
[2020.05.08-09.38.05:740][  0]LogConfig: Setting CVar [[gc.AllowParallelGC:1]]
[2020.05.08-09.38.05:740][  0]LogConfig: Setting CVar [[gc.TimeBetweenPurgingPendingKillObjects:61.1]]
[2020.05.08-09.38.05:740][  0]LogConfig: Setting CVar [[gc.MaxObjectsInEditor:25165824]]
[2020.05.08-09.38.05:740][  0]LogConfig: Setting CVar [[gc.IncrementalBeginDestroyEnabled:1]]
[2020.05.08-09.38.05:740][  0]LogConfig: Setting CVar [[gc.CreateGCClusters:1]]
[2020.05.08-09.38.05:740][  0]LogConfig: Setting CVar [[gc.MinGCClusterSize:5]]
[2020.05.08-09.38.05:740][  0]LogConfig: Setting CVar [[gc.ActorClusteringEnabled:0]]
[2020.05.08-09.38.05:740][  0]LogConfig: Setting CVar [[gc.BlueprintClusteringEnabled:0]]
[2020.05.08-09.38.05:740][  0]LogConfig: Setting CVar [[gc.UseDisregardForGCOnDedicatedServers:0]]
[2020.05.08-09.38.05:740][  0]LogConfig: Applying CVar settings from Section [/Script/Engine.NetworkSettings] File [C:/Users/hstad/Documents/PersonalSite/IMGD4000/Pathfinding/Saved/Config/Windows/Engine.ini]
[2020.05.08-09.38.05:740][  0]LogConfig: Applying CVar settings from Section [/Script/UnrealEd.CookerSettings] File [C:/Users/hstad/Documents/PersonalSite/IMGD4000/Pathfinding/Saved/Config/Windows/Engine.ini]
[2020.05.08-09.38.05:742][  0]LogConfig: Applying CVar settings from Section [ViewDistanceQuality@3] File [C:/Users/hstad/Documents/PersonalSite/IMGD4000/Pathfinding/Saved/Config/Windows/Scalability.ini]
[2020.05.08-09.38.05:742][  0]LogConfig: Setting CVar [[r.SkeletalMeshLODBias:0]]
[2020.05.08-09.38.05:742][  0]LogConfig: Setting CVar [[r.ViewDistanceScale:1.0]]
[2020.05.08-09.38.05:742][  0]LogConfig: Applying CVar settings from Section [AntiAliasingQuality@3] File [C:/Users/hstad/Documents/PersonalSite/IMGD4000/Pathfinding/Saved/Config/Windows/Scalability.ini]
[2020.05.08-09.38.05:742][  0]LogConfig: Setting CVar [[r.PostProcessAAQuality:4]]
[2020.05.08-09.38.05:743][  0]LogConfig: Applying CVar settings from Section [ShadowQuality@3] File [C:/Users/hstad/Documents/PersonalSite/IMGD4000/Pathfinding/Saved/Config/Windows/Scalability.ini]
[2020.05.08-09.38.05:743][  0]LogConfig: Setting CVar [[r.LightFunctionQuality:1]]
[2020.05.08-09.38.05:743][  0]LogConfig: Setting CVar [[r.ShadowQuality:5]]
[2020.05.08-09.38.05:743][  0]LogConfig: Setting CVar [[r.Shadow.CSM.MaxCascades:10]]
[2020.05.08-09.38.05:743][  0]LogConfig: Setting CVar [[r.Shadow.MaxResolution:2048]]
[2020.05.08-09.38.05:743][  0]LogConfig: Setting CVar [[r.Shadow.MaxCSMResolution:2048]]
[2020.05.08-09.38.05:743][  0]LogConfig: Setting CVar [[r.Shadow.RadiusThreshold:0.01]]
[2020.05.08-09.38.05:743][  0]LogConfig: Setting CVar [[r.Shadow.DistanceScale:1.0]]
[2020.05.08-09.38.05:743][  0]LogConfig: Setting CVar [[r.Shadow.CSM.TransitionScale:1.0]]
[2020.05.08-09.38.05:743][  0]LogConfig: Setting CVar [[r.Shadow.PreShadowResolutionFactor:1.0]]
[2020.05.08-09.38.05:743][  0]LogConfig: Setting CVar [[r.DistanceFieldShadowing:1]]
[2020.05.08-09.38.05:743][  0]LogConfig: Setting CVar [[r.DistanceFieldAO:1]]
[2020.05.08-09.38.05:743][  0]LogConfig: Setting CVar [[r.AOQuality:2]]
[2020.05.08-09.38.05:743][  0]LogConfig: Setting CVar [[r.VolumetricFog:1]]
[2020.05.08-09.38.05:743][  0]LogConfig: Setting CVar [[r.VolumetricFog.GridPixelSize:8]]
[2020.05.08-09.38.05:743][  0]LogConfig: Setting CVar [[r.VolumetricFog.GridSizeZ:128]]
[2020.05.08-09.38.05:743][  0]LogConfig: Setting CVar [[r.VolumetricFog.HistoryMissSupersampleCount:4]]
[2020.05.08-09.38.05:743][  0]LogConfig: Setting CVar [[r.LightMaxDrawDistanceScale:1]]
[2020.05.08-09.38.05:743][  0]LogConfig: Setting CVar [[r.CapsuleShadows:1]]
[2020.05.08-09.38.05:743][  0]LogConfig: Applying CVar settings from Section [PostProcessQuality@3] File [C:/Users/hstad/Documents/PersonalSite/IMGD4000/Pathfinding/Saved/Config/Windows/Scalability.ini]
[2020.05.08-09.38.05:743][  0]LogConfig: Setting CVar [[r.MotionBlurQuality:4]]
[2020.05.08-09.38.05:743][  0]LogConfig: Setting CVar [[r.AmbientOcclusionMipLevelFactor:0.4]]
[2020.05.08-09.38.05:743][  0]LogConfig: Setting CVar [[r.AmbientOcclusionMaxQuality:100]]
[2020.05.08-09.38.05:743][  0]LogConfig: Setting CVar [[r.AmbientOcclusionLevels:-1]]
[2020.05.08-09.38.05:743][  0]LogConfig: Setting CVar [[r.AmbientOcclusionRadiusScale:1.0]]
[2020.05.08-09.38.05:743][  0]LogConfig: Setting CVar [[r.DepthOfFieldQuality:2]]
[2020.05.08-09.38.05:743][  0]LogConfig: Setting CVar [[r.RenderTargetPoolMin:400]]
[2020.05.08-09.38.05:743][  0]LogConfig: Setting CVar [[r.LensFlareQuality:2]]
[2020.05.08-09.38.05:743][  0]LogConfig: Setting CVar [[r.SceneColorFringeQuality:1]]
[2020.05.08-09.38.05:743][  0]LogConfig: Setting CVar [[r.EyeAdaptationQuality:2]]
[2020.05.08-09.38.05:743][  0]LogConfig: Setting CVar [[r.BloomQuality:5]]
[2020.05.08-09.38.05:743][  0]LogConfig: Setting CVar [[r.FastBlurThreshold:100]]
[2020.05.08-09.38.05:743][  0]LogConfig: Setting CVar [[r.Upscale.Quality:3]]
[2020.05.08-09.38.05:743][  0]LogConfig: Setting CVar [[r.Tonemapper.GrainQuantization:1]]
[2020.05.08-09.38.05:743][  0]LogConfig: Setting CVar [[r.LightShaftQuality:1]]
[2020.05.08-09.38.05:743][  0]LogConfig: Setting CVar [[r.Filter.SizeScale:1]]
[2020.05.08-09.38.05:743][  0]LogConfig: Setting CVar [[r.Tonemapper.Quality:5]]
[2020.05.08-09.38.05:743][  0]LogConfig: Setting CVar [[r.DOF.Gather.AccumulatorQuality:1        ; higher gathering accumulator quality]]
[2020.05.08-09.38.05:743][  0]LogConfig: Setting CVar [[r.DOF.Gather.PostfilterMethod:1          ; Median3x3 postfilering method]]
[2020.05.08-09.38.05:743][  0]LogConfig: Setting CVar [[r.DOF.Gather.EnableBokehSettings:0       ; no bokeh simulation when gathering]]
[2020.05.08-09.38.05:743][  0]LogConfig: Setting CVar [[r.DOF.Gather.RingCount:4                 ; medium number of samples when gathering]]
[2020.05.08-09.38.05:743][  0]LogConfig: Setting CVar [[r.DOF.Scatter.ForegroundCompositing:1    ; additive foreground scattering]]
[2020.05.08-09.38.05:743][  0]LogConfig: Setting CVar [[r.DOF.Scatter.BackgroundCompositing:2    ; additive background scattering]]
[2020.05.08-09.38.05:743][  0]LogConfig: Setting CVar [[r.DOF.Scatter.EnableBokehSettings:1      ; bokeh simulation when scattering]]
[2020.05.08-09.38.05:743][  0]LogConfig: Setting CVar [[r.DOF.Scatter.MaxSpriteRatio:0.1         ; only a maximum of 10% of scattered bokeh]]
[2020.05.08-09.38.05:743][  0]LogConfig: Setting CVar [[r.DOF.Recombine.Quality:1                ; cheap slight out of focus]]
[2020.05.08-09.38.05:743][  0]LogConfig: Setting CVar [[r.DOF.Recombine.EnableBokehSettings:0    ; no bokeh simulation on slight out of focus]]
[2020.05.08-09.38.05:743][  0]LogConfig: Setting CVar [[r.DOF.TemporalAAQuality:1                ; more stable temporal accumulation]]
[2020.05.08-09.38.05:743][  0]LogConfig: Setting CVar [[r.DOF.Kernel.MaxForegroundRadius:0.025]]
[2020.05.08-09.38.05:743][  0]LogConfig: Setting CVar [[r.DOF.Kernel.MaxBackgroundRadius:0.025]]
[2020.05.08-09.38.05:743][  0]LogConfig: Applying CVar settings from Section [TextureQuality@3] File [C:/Users/hstad/Documents/PersonalSite/IMGD4000/Pathfinding/Saved/Config/Windows/Scalability.ini]
[2020.05.08-09.38.05:743][  0]LogConfig: Setting CVar [[r.Streaming.MipBias:0]]
[2020.05.08-09.38.05:743][  0]LogConfig: Setting CVar [[r.Streaming.AmortizeCPUToGPUCopy:0]]
[2020.05.08-09.38.05:743][  0]LogConfig: Setting CVar [[r.Streaming.MaxNumTexturesToStreamPerFrame:0]]
[2020.05.08-09.38.05:743][  0]LogConfig: Setting CVar [[r.Streaming.Boost:1]]
[2020.05.08-09.38.05:743][  0]LogConfig: Setting CVar [[r.MaxAnisotropy:8]]
[2020.05.08-09.38.05:743][  0]LogConfig: Setting CVar [[r.VT.MaxAnisotropy:8]]
[2020.05.08-09.38.05:743][  0]LogConfig: Setting CVar [[r.Streaming.LimitPoolSizeToVRAM:0]]
[2020.05.08-09.38.05:743][  0]LogConfig: Setting CVar [[r.Streaming.PoolSize:1000]]
[2020.05.08-09.38.05:743][  0]LogConfig: Setting CVar [[r.Streaming.MaxEffectiveScreenSize:0]]
[2020.05.08-09.38.05:743][  0]LogConfig: Applying CVar settings from Section [EffectsQuality@3] File [C:/Users/hstad/Documents/PersonalSite/IMGD4000/Pathfinding/Saved/Config/Windows/Scalability.ini]
[2020.05.08-09.38.05:743][  0]LogConfig: Setting CVar [[r.TranslucencyLightingVolumeDim:64]]
[2020.05.08-09.38.05:744][  0]LogConfig: Setting CVar [[r.RefractionQuality:2]]
[2020.05.08-09.38.05:744][  0]LogConfig: Setting CVar [[r.SSR.Quality:3]]
[2020.05.08-09.38.05:744][  0]LogConfig: Setting CVar [[r.SSR.HalfResSceneColor:0]]
[2020.05.08-09.38.05:744][  0]LogConfig: Setting CVar [[r.SceneColorFormat:4]]
[2020.05.08-09.38.05:744][  0]LogConfig: Setting CVar [[r.DetailMode:2]]
[2020.05.08-09.38.05:744][  0]LogConfig: Setting CVar [[r.TranslucencyVolumeBlur:1]]
[2020.05.08-09.38.05:744][  0]LogConfig: Setting CVar [[r.MaterialQualityLevel:1 ; High quality]]
[2020.05.08-09.38.05:744][  0]LogConfig: Setting CVar [[r.SSS.Scale:1]]
[2020.05.08-09.38.05:744][  0]LogConfig: Setting CVar [[r.SSS.SampleSet:2]]
[2020.05.08-09.38.05:744][  0]LogConfig: Setting CVar [[r.SSS.Quality:1]]
[2020.05.08-09.38.05:744][  0]LogConfig: Setting CVar [[r.SSS.HalfRes:1]]
[2020.05.08-09.38.05:744][  0]LogConfig: Setting CVar [[r.SSGI.Quality:3]]
[2020.05.08-09.38.05:744][  0]LogConfig: Setting CVar [[r.EmitterSpawnRateScale:1.0]]
[2020.05.08-09.38.05:744][  0]LogConfig: Setting CVar [[r.ParticleLightQuality:2]]
[2020.05.08-09.38.05:744][  0]LogConfig: Setting CVar [[r.SkyAtmosphere.AerialPerspectiveLUT.FastApplyOnOpaque:1 ; Always have FastSkyLUT 1 in this case to avoid wrong sky]]
[2020.05.08-09.38.05:744][  0]LogConfig: Setting CVar [[r.SkyAtmosphere.AerialPerspectiveLUT.SampleCountPerSlice:1]]
[2020.05.08-09.38.05:744][  0]LogConfig: Setting CVar [[r.SkyAtmosphere.AerialPerspectiveLUT.DepthResolution:16.0]]
[2020.05.08-09.38.05:744][  0]LogConfig: Setting CVar [[r.SkyAtmosphere.FastSkyLUT:1]]
[2020.05.08-09.38.05:744][  0]LogConfig: Setting CVar [[r.SkyAtmosphere.FastSkyLUT.SampleCountMin:4.0]]
[2020.05.08-09.38.05:744][  0]LogConfig: Setting CVar [[r.SkyAtmosphere.FastSkyLUT.SampleCountMax:32.0]]
[2020.05.08-09.38.05:744][  0]LogConfig: Setting CVar [[r.SkyAtmosphere.SampleCountMin:4.0]]
[2020.05.08-09.38.05:744][  0]LogConfig: Setting CVar [[r.SkyAtmosphere.SampleCountMax:32.0]]
[2020.05.08-09.38.05:744][  0]LogConfig: Setting CVar [[r.SkyAtmosphere.TransmittanceLUT.UseSmallFormat:0]]
[2020.05.08-09.38.05:744][  0]LogConfig: Setting CVar [[r.SkyAtmosphere.TransmittanceLUT.SampleCount:10.0]]
[2020.05.08-09.38.05:744][  0]LogConfig: Setting CVar [[r.SkyAtmosphere.MultiScatteringLUT.SampleCount:15.0]]
[2020.05.08-09.38.05:744][  0]LogConfig: Applying CVar settings from Section [FoliageQuality@3] File [C:/Users/hstad/Documents/PersonalSite/IMGD4000/Pathfinding/Saved/Config/Windows/Scalability.ini]
[2020.05.08-09.38.05:744][  0]LogConfig: Setting CVar [[foliage.DensityScale:1.0]]
[2020.05.08-09.38.05:744][  0]LogConfig: Setting CVar [[grass.DensityScale:1.0]]
[2020.05.08-09.38.05:744][  0]LogConfig: Applying CVar settings from Section [ShadingQuality@3] File [C:/Users/hstad/Documents/PersonalSite/IMGD4000/Pathfinding/Saved/Config/Windows/Scalability.ini]
[2020.05.08-09.38.05:744][  0]LogConfig: Setting CVar [[r.HairStrands.SkyLighting.SampleCount:16]]
[2020.05.08-09.38.05:744][  0]LogConfig: Setting CVar [[r.HairStrands.SkyLighting.JitterIntegration:0]]
[2020.05.08-09.38.05:744][  0]LogConfig: Setting CVar [[r.HairStrands.SkyAO.SampleCount:16]]
[2020.05.08-09.38.05:744][  0]LogInit: Selected Device Profile: [Windows]
[2020.05.08-09.38.05:744][  0]LogInit: Applying CVar settings loaded from the selected device profile: [Windows]
[2020.05.08-09.38.05:747][  0]LogHAL: Display: Platform has ~ 8 GB [8441442304 / 8589934592 / 8], which maps to Default [LargestMinGB=32, LargerMinGB=12, DefaultMinGB=8, SmallerMinGB=6, SmallestMinGB=0)
[2020.05.08-09.38.05:747][  0]LogInit: Going up to parent DeviceProfile []
[2020.05.08-09.38.05:747][  0]LogConfig: Applying CVar settings from Section [ViewDistanceQuality@3] File [C:/Users/hstad/Documents/PersonalSite/IMGD4000/Pathfinding/Saved/Config/Windows/Scalability.ini]
[2020.05.08-09.38.05:747][  0]LogConfig: Setting CVar [[r.SkeletalMeshLODBias:0]]
[2020.05.08-09.38.05:747][  0]LogConfig: Setting CVar [[r.ViewDistanceScale:1.0]]
[2020.05.08-09.38.05:747][  0]LogConfig: Applying CVar settings from Section [AntiAliasingQuality@3] File [C:/Users/hstad/Documents/PersonalSite/IMGD4000/Pathfinding/Saved/Config/Windows/Scalability.ini]
[2020.05.08-09.38.05:747][  0]LogConfig: Setting CVar [[r.PostProcessAAQuality:4]]
[2020.05.08-09.38.05:747][  0]LogConfig: Applying CVar settings from Section [ShadowQuality@3] File [C:/Users/hstad/Documents/PersonalSite/IMGD4000/Pathfinding/Saved/Config/Windows/Scalability.ini]
[2020.05.08-09.38.05:747][  0]LogConfig: Setting CVar [[r.LightFunctionQuality:1]]
[2020.05.08-09.38.05:747][  0]LogConfig: Setting CVar [[r.ShadowQuality:5]]
[2020.05.08-09.38.05:747][  0]LogConfig: Setting CVar [[r.Shadow.CSM.MaxCascades:10]]
[2020.05.08-09.38.05:747][  0]LogConfig: Setting CVar [[r.Shadow.MaxResolution:2048]]
[2020.05.08-09.38.05:747][  0]LogConfig: Setting CVar [[r.Shadow.MaxCSMResolution:2048]]
[2020.05.08-09.38.05:747][  0]LogConfig: Setting CVar [[r.Shadow.RadiusThreshold:0.01]]
[2020.05.08-09.38.05:747][  0]LogConfig: Setting CVar [[r.Shadow.DistanceScale:1.0]]
[2020.05.08-09.38.05:747][  0]LogConfig: Setting CVar [[r.Shadow.CSM.TransitionScale:1.0]]
[2020.05.08-09.38.05:747][  0]LogConfig: Setting CVar [[r.Shadow.PreShadowResolutionFactor:1.0]]
[2020.05.08-09.38.05:747][  0]LogConfig: Setting CVar [[r.DistanceFieldShadowing:1]]
[2020.05.08-09.38.05:747][  0]LogConfig: Setting CVar [[r.DistanceFieldAO:1]]
[2020.05.08-09.38.05:747][  0]LogConfig: Setting CVar [[r.AOQuality:2]]
[2020.05.08-09.38.05:747][  0]LogConfig: Setting CVar [[r.VolumetricFog:1]]
[2020.05.08-09.38.05:747][  0]LogConfig: Setting CVar [[r.VolumetricFog.GridPixelSize:8]]
[2020.05.08-09.38.05:747][  0]LogConfig: Setting CVar [[r.VolumetricFog.GridSizeZ:128]]
[2020.05.08-09.38.05:747][  0]LogConfig: Setting CVar [[r.VolumetricFog.HistoryMissSupersampleCount:4]]
[2020.05.08-09.38.05:748][  0]LogConfig: Setting CVar [[r.LightMaxDrawDistanceScale:1]]
[2020.05.08-09.38.05:748][  0]LogConfig: Setting CVar [[r.CapsuleShadows:1]]
[2020.05.08-09.38.05:748][  0]LogConfig: Applying CVar settings from Section [PostProcessQuality@3] File [C:/Users/hstad/Documents/PersonalSite/IMGD4000/Pathfinding/Saved/Config/Windows/Scalability.ini]
[2020.05.08-09.38.05:748][  0]LogConfig: Setting CVar [[r.MotionBlurQuality:4]]
[2020.05.08-09.38.05:748][  0]LogConfig: Setting CVar [[r.AmbientOcclusionMipLevelFactor:0.4]]
[2020.05.08-09.38.05:748][  0]LogConfig: Setting CVar [[r.AmbientOcclusionMaxQuality:100]]
[2020.05.08-09.38.05:748][  0]LogConfig: Setting CVar [[r.AmbientOcclusionLevels:-1]]
[2020.05.08-09.38.05:748][  0]LogConfig: Setting CVar [[r.AmbientOcclusionRadiusScale:1.0]]
[2020.05.08-09.38.05:748][  0]LogConfig: Setting CVar [[r.DepthOfFieldQuality:2]]
[2020.05.08-09.38.05:748][  0]LogConfig: Setting CVar [[r.RenderTargetPoolMin:400]]
[2020.05.08-09.38.05:748][  0]LogConfig: Setting CVar [[r.LensFlareQuality:2]]
[2020.05.08-09.38.05:748][  0]LogConfig: Setting CVar [[r.SceneColorFringeQuality:1]]
[2020.05.08-09.38.05:748][  0]LogConfig: Setting CVar [[r.EyeAdaptationQuality:2]]
[2020.05.08-09.38.05:748][  0]LogConfig: Setting CVar [[r.BloomQuality:5]]
[2020.05.08-09.38.05:748][  0]LogConfig: Setting CVar [[r.FastBlurThreshold:100]]
[2020.05.08-09.38.05:748][  0]LogConfig: Setting CVar [[r.Upscale.Quality:3]]
[2020.05.08-09.38.05:748][  0]LogConfig: Setting CVar [[r.Tonemapper.GrainQuantization:1]]
[2020.05.08-09.38.05:748][  0]LogConfig: Setting CVar [[r.LightShaftQuality:1]]
[2020.05.08-09.38.05:748][  0]LogConfig: Setting CVar [[r.Filter.SizeScale:1]]
[2020.05.08-09.38.05:748][  0]LogConfig: Setting CVar [[r.Tonemapper.Quality:5]]
[2020.05.08-09.38.05:748][  0]LogConfig: Setting CVar [[r.DOF.Gather.AccumulatorQuality:1        ; higher gathering accumulator quality]]
[2020.05.08-09.38.05:748][  0]LogConfig: Setting CVar [[r.DOF.Gather.PostfilterMethod:1          ; Median3x3 postfilering method]]
[2020.05.08-09.38.05:748][  0]LogConfig: Setting CVar [[r.DOF.Gather.EnableBokehSettings:0       ; no bokeh simulation when gathering]]
[2020.05.08-09.38.05:748][  0]LogConfig: Setting CVar [[r.DOF.Gather.RingCount:4                 ; medium number of samples when gathering]]
[2020.05.08-09.38.05:748][  0]LogConfig: Setting CVar [[r.DOF.Scatter.ForegroundCompositing:1    ; additive foreground scattering]]
[2020.05.08-09.38.05:748][  0]LogConfig: Setting CVar [[r.DOF.Scatter.BackgroundCompositing:2    ; additive background scattering]]
[2020.05.08-09.38.05:748][  0]LogConfig: Setting CVar [[r.DOF.Scatter.EnableBokehSettings:1      ; bokeh simulation when scattering]]
[2020.05.08-09.38.05:748][  0]LogConfig: Setting CVar [[r.DOF.Scatter.MaxSpriteRatio:0.1         ; only a maximum of 10% of scattered bokeh]]
[2020.05.08-09.38.05:748][  0]LogConfig: Setting CVar [[r.DOF.Recombine.Quality:1                ; cheap slight out of focus]]
[2020.05.08-09.38.05:748][  0]LogConfig: Setting CVar [[r.DOF.Recombine.EnableBokehSettings:0    ; no bokeh simulation on slight out of focus]]
[2020.05.08-09.38.05:748][  0]LogConfig: Setting CVar [[r.DOF.TemporalAAQuality:1                ; more stable temporal accumulation]]
[2020.05.08-09.38.05:748][  0]LogConfig: Setting CVar [[r.DOF.Kernel.MaxForegroundRadius:0.025]]
[2020.05.08-09.38.05:748][  0]LogConfig: Setting CVar [[r.DOF.Kernel.MaxBackgroundRadius:0.025]]
[2020.05.08-09.38.05:748][  0]LogConfig: Applying CVar settings from Section [TextureQuality@3] File [C:/Users/hstad/Documents/PersonalSite/IMGD4000/Pathfinding/Saved/Config/Windows/Scalability.ini]
[2020.05.08-09.38.05:748][  0]LogConfig: Setting CVar [[r.Streaming.MipBias:0]]
[2020.05.08-09.38.05:748][  0]LogConfig: Setting CVar [[r.Streaming.AmortizeCPUToGPUCopy:0]]
[2020.05.08-09.38.05:748][  0]LogConfig: Setting CVar [[r.Streaming.MaxNumTexturesToStreamPerFrame:0]]
[2020.05.08-09.38.05:748][  0]LogConfig: Setting CVar [[r.Streaming.Boost:1]]
[2020.05.08-09.38.05:748][  0]LogConfig: Setting CVar [[r.MaxAnisotropy:8]]
[2020.05.08-09.38.05:748][  0]LogConfig: Setting CVar [[r.VT.MaxAnisotropy:8]]
[2020.05.08-09.38.05:748][  0]LogConfig: Setting CVar [[r.Streaming.LimitPoolSizeToVRAM:0]]
[2020.05.08-09.38.05:748][  0]LogConfig: Setting CVar [[r.Streaming.PoolSize:1000]]
[2020.05.08-09.38.05:748][  0]LogConfig: Setting CVar [[r.Streaming.MaxEffectiveScreenSize:0]]
[2020.05.08-09.38.05:748][  0]LogConfig: Applying CVar settings from Section [EffectsQuality@3] File [C:/Users/hstad/Documents/PersonalSite/IMGD4000/Pathfinding/Saved/Config/Windows/Scalability.ini]
[2020.05.08-09.38.05:748][  0]LogConfig: Setting CVar [[r.TranslucencyLightingVolumeDim:64]]
[2020.05.08-09.38.05:748][  0]LogConfig: Setting CVar [[r.RefractionQuality:2]]
[2020.05.08-09.38.05:748][  0]LogConfig: Setting CVar [[r.SSR.Quality:3]]
[2020.05.08-09.38.05:748][  0]LogConfig: Setting CVar [[r.SSR.HalfResSceneColor:0]]
[2020.05.08-09.38.05:748][  0]LogConfig: Setting CVar [[r.SceneColorFormat:4]]
[2020.05.08-09.38.05:748][  0]LogConfig: Setting CVar [[r.DetailMode:2]]
[2020.05.08-09.38.05:748][  0]LogConfig: Setting CVar [[r.TranslucencyVolumeBlur:1]]
[2020.05.08-09.38.05:748][  0]LogConfig: Setting CVar [[r.MaterialQualityLevel:1 ; High quality]]
[2020.05.08-09.38.05:748][  0]LogConfig: Setting CVar [[r.SSS.Scale:1]]
[2020.05.08-09.38.05:748][  0]LogConfig: Setting CVar [[r.SSS.SampleSet:2]]
[2020.05.08-09.38.05:748][  0]LogConfig: Setting CVar [[r.SSS.Quality:1]]
[2020.05.08-09.38.05:748][  0]LogConfig: Setting CVar [[r.SSS.HalfRes:1]]
[2020.05.08-09.38.05:748][  0]LogConfig: Setting CVar [[r.SSGI.Quality:3]]
[2020.05.08-09.38.05:748][  0]LogConfig: Setting CVar [[r.EmitterSpawnRateScale:1.0]]
[2020.05.08-09.38.05:748][  0]LogConfig: Setting CVar [[r.ParticleLightQuality:2]]
[2020.05.08-09.38.05:748][  0]LogConfig: Setting CVar [[r.SkyAtmosphere.AerialPerspectiveLUT.FastApplyOnOpaque:1 ; Always have FastSkyLUT 1 in this case to avoid wrong sky]]
[2020.05.08-09.38.05:748][  0]LogConfig: Setting CVar [[r.SkyAtmosphere.AerialPerspectiveLUT.SampleCountPerSlice:1]]
[2020.05.08-09.38.05:748][  0]LogConfig: Setting CVar [[r.SkyAtmosphere.AerialPerspectiveLUT.DepthResolution:16.0]]
[2020.05.08-09.38.05:749][  0]LogConfig: Setting CVar [[r.SkyAtmosphere.FastSkyLUT:1]]
[2020.05.08-09.38.05:749][  0]LogConfig: Setting CVar [[r.SkyAtmosphere.FastSkyLUT.SampleCountMin:4.0]]
[2020.05.08-09.38.05:749][  0]LogConfig: Setting CVar [[r.SkyAtmosphere.FastSkyLUT.SampleCountMax:32.0]]
[2020.05.08-09.38.05:749][  0]LogConfig: Setting CVar [[r.SkyAtmosphere.SampleCountMin:4.0]]
[2020.05.08-09.38.05:749][  0]LogConfig: Setting CVar [[r.SkyAtmosphere.SampleCountMax:32.0]]
[2020.05.08-09.38.05:749][  0]LogConfig: Setting CVar [[r.SkyAtmosphere.TransmittanceLUT.UseSmallFormat:0]]
[2020.05.08-09.38.05:749][  0]LogConfig: Setting CVar [[r.SkyAtmosphere.TransmittanceLUT.SampleCount:10.0]]
[2020.05.08-09.38.05:749][  0]LogConfig: Setting CVar [[r.SkyAtmosphere.MultiScatteringLUT.SampleCount:15.0]]
[2020.05.08-09.38.05:749][  0]LogConfig: Applying CVar settings from Section [FoliageQuality@3] File [C:/Users/hstad/Documents/PersonalSite/IMGD4000/Pathfinding/Saved/Config/Windows/Scalability.ini]
[2020.05.08-09.38.05:749][  0]LogConfig: Setting CVar [[foliage.DensityScale:1.0]]
[2020.05.08-09.38.05:749][  0]LogConfig: Setting CVar [[grass.DensityScale:1.0]]
[2020.05.08-09.38.05:749][  0]LogConfig: Applying CVar settings from Section [ShadingQuality@3] File [C:/Users/hstad/Documents/PersonalSite/IMGD4000/Pathfinding/Saved/Config/Windows/Scalability.ini]
[2020.05.08-09.38.05:749][  0]LogConfig: Setting CVar [[r.HairStrands.SkyLighting.SampleCount:16]]
[2020.05.08-09.38.05:749][  0]LogConfig: Setting CVar [[r.HairStrands.SkyLighting.JitterIntegration:0]]
[2020.05.08-09.38.05:749][  0]LogConfig: Setting CVar [[r.HairStrands.SkyAO.SampleCount:16]]
[2020.05.08-09.38.05:749][  0]LogConfig: Applying CVar settings from Section [Startup] File [../../../Engine/Config/ConsoleVariables.ini]
[2020.05.08-09.38.05:749][  0]LogConfig: Setting CVar [[net.UseAdaptiveNetUpdateFrequency:0]]
[2020.05.08-09.38.05:749][  0]LogConfig: Setting CVar [[p.chaos.AllowCreatePhysxBodies:1]]
[2020.05.08-09.38.05:749][  0]LogConfig: Applying CVar settings from Section [ConsoleVariables] File [C:/Users/hstad/Documents/PersonalSite/IMGD4000/Pathfinding/Saved/Config/Windows/Engine.ini]
[2020.05.08-09.38.05:749][  0]LogInit: Computer: STADOLNIK
[2020.05.08-09.38.05:749][  0]LogInit: User: hstad
[2020.05.08-09.38.05:749][  0]LogInit: CPU Page size=4096, Cores=4
[2020.05.08-09.38.05:749][  0]LogInit: High frequency timer resolution =10.000000 MHz
[2020.05.08-09.38.05:749][  0]LogMemory: Memory total: Physical=7.9GB (8GB approx)
[2020.05.08-09.38.05:749][  0]LogMemory: Platform Memory Stats for Windows
[2020.05.08-09.38.05:749][  0]LogMemory: Process Physical Memory: 105.11 MB used, 105.12 MB peak
[2020.05.08-09.38.05:749][  0]LogMemory: Process Virtual Memory: 100.86 MB used, 100.86 MB peak
[2020.05.08-09.38.05:749][  0]LogMemory: Physical Memory: 5356.05 MB used,  2694.34 MB free, 8050.39 MB total
[2020.05.08-09.38.05:750][  0]LogMemory: Virtual Memory: 5137.57 MB used,  134212592.00 MB free, 134217728.00 MB total
[2020.05.08-09.38.05:753][  0]LogWindows: WindowsPlatformFeatures enabled
[2020.05.08-09.38.05:777][  0]LogInit: Using OS detected language (en-US).
[2020.05.08-09.38.05:777][  0]LogInit: Using OS detected locale (en-US).
[2020.05.08-09.38.05:778][  0]LogTextLocalizationManager: No specific localization for 'en-US' exists, so the 'en' localization will be used.
[2020.05.08-09.38.05:979][  0]LogInit: Setting process to per monitor DPI aware
[2020.05.08-09.38.06:036][  0]LogSlate: New Slate User Created.  User Index 0, Is Virtual User: 0
[2020.05.08-09.38.06:036][  0]LogSlate: Slate User Registered.  User Index 0, Is Virtual User: 0
[2020.05.08-09.38.06:250][  0]LogHMD: Failed to initialize OpenVR with code 110
[2020.05.08-09.38.06:250][  0]LogD3D11RHI: D3D11 min allowed feature level: 11_0
[2020.05.08-09.38.06:250][  0]LogD3D11RHI: D3D11 max allowed feature level: 11_0
[2020.05.08-09.38.06:250][  0]LogD3D11RHI: D3D11 adapters:
[2020.05.08-09.38.06:383][  0]LogD3D11RHI:    0. 'NVIDIA GeForce GTX 1050' (Feature Level 11_0)
[2020.05.08-09.38.06:383][  0]LogD3D11RHI:       1979/0/4025 MB DedicatedVideo/DedicatedSystem/SharedSystem, Outputs:1, VendorId:0x10de
[2020.05.08-09.38.06:396][  0]LogD3D11RHI:    1. 'Intel(R) HD Graphics 630' (Feature Level 11_0)
[2020.05.08-09.38.06:397][  0]LogD3D11RHI:       128/0/4025 MB DedicatedVideo/DedicatedSystem/SharedSystem, Outputs:0, VendorId:0x8086
[2020.05.08-09.38.06:399][  0]LogD3D11RHI:    2. 'Microsoft Basic Render Driver' (Feature Level 11_0)
[2020.05.08-09.38.06:399][  0]LogD3D11RHI:       0/0/4025 MB DedicatedVideo/DedicatedSystem/SharedSystem, Outputs:0, VendorId:0x1414
[2020.05.08-09.38.06:399][  0]LogD3D11RHI: Chosen D3D11 Adapter: 0
[2020.05.08-09.38.06:444][  0]LogD3D11RHI: Creating new Direct3DDevice
[2020.05.08-09.38.06:444][  0]LogD3D11RHI:     GPU DeviceId: 0x1c8d (for the marketing name, search the web for "GPU Device Id")
[2020.05.08-09.38.06:444][  0]LogWindows: EnumDisplayDevices:
[2020.05.08-09.38.06:444][  0]LogWindows:    0. 'Intel(R) HD Graphics 630' (P:1 D:1)
[2020.05.08-09.38.06:445][  0]LogWindows:    1. 'Intel(R) HD Graphics 630' (P:0 D:0)
[2020.05.08-09.38.06:445][  0]LogWindows:    2. 'Intel(R) HD Graphics 630' (P:0 D:0)
[2020.05.08-09.38.06:445][  0]LogWindows: DebugString: PrimaryIsNotTheChoosenAdapter PrimaryIsNotTheChoosenAdapter PrimaryIsNotTheChoosenAdapter FoundDriverCount:0 
[2020.05.08-09.38.06:446][  0]LogD3D11RHI:     Adapter Name: NVIDIA GeForce GTX 1050
[2020.05.08-09.38.06:446][  0]LogD3D11RHI:   Driver Version: Unknown (internal:Unknown, unified:Unknown)
[2020.05.08-09.38.06:446][  0]LogD3D11RHI:      Driver Date: Unknown
[2020.05.08-09.38.06:446][  0]LogRHI: Texture pool is 1385 MB (70% of 1979 MB)
[2020.05.08-09.38.06:503][  0]LogD3D11RHI: RHI has support for 64 bit atomics
[2020.05.08-09.38.06:503][  0]LogD3D11RHI: Async texture creation enabled
[2020.05.08-09.38.06:517][  0]LogD3D11RHI: GPU Timing Frequency: 1000.000000 (Debug: 2 1)
[2020.05.08-09.38.06:923][  0]LogTargetPlatformManager: Display: Loaded TargetPlatform 'AllDesktop'
[2020.05.08-09.38.06:962][  0]LogTargetPlatformManager: Display: Loaded TargetPlatform 'Android'
[2020.05.08-09.38.06:962][  0]LogTargetPlatformManager: Display: Loaded TargetPlatform 'Android_ASTC'
[2020.05.08-09.38.06:962][  0]LogTargetPlatformManager: Display: Loaded TargetPlatform 'Android_ATC'
[2020.05.08-09.38.06:962][  0]LogTargetPlatformManager: Display: Loaded TargetPlatform 'Android_DXT'
[2020.05.08-09.38.06:962][  0]LogTargetPlatformManager: Display: Loaded TargetPlatform 'Android_ETC1'
[2020.05.08-09.38.06:962][  0]LogTargetPlatformManager: Display: Loaded TargetPlatform 'Android_ETC1a'
[2020.05.08-09.38.06:962][  0]LogTargetPlatformManager: Display: Loaded TargetPlatform 'Android_ETC2'
[2020.05.08-09.38.06:962][  0]LogTargetPlatformManager: Display: Loaded TargetPlatform 'Android_PVRTC'
[2020.05.08-09.38.06:962][  0]LogTargetPlatformManager: Display: Loaded TargetPlatform 'AndroidClient'
[2020.05.08-09.38.06:962][  0]LogTargetPlatformManager: Display: Loaded TargetPlatform 'Android_ASTCClient'
[2020.05.08-09.38.06:962][  0]LogTargetPlatformManager: Display: Loaded TargetPlatform 'Android_ATCClient'
[2020.05.08-09.38.06:962][  0]LogTargetPlatformManager: Display: Loaded TargetPlatform 'Android_DXTClient'
[2020.05.08-09.38.06:962][  0]LogTargetPlatformManager: Display: Loaded TargetPlatform 'Android_ETC1Client'
[2020.05.08-09.38.06:962][  0]LogTargetPlatformManager: Display: Loaded TargetPlatform 'Android_ETC1aClient'
[2020.05.08-09.38.06:962][  0]LogTargetPlatformManager: Display: Loaded TargetPlatform 'Android_ETC2Client'
[2020.05.08-09.38.06:962][  0]LogTargetPlatformManager: Display: Loaded TargetPlatform 'Android_PVRTCClient'
[2020.05.08-09.38.06:962][  0]LogTargetPlatformManager: Display: Loaded TargetPlatform 'Android_Multi'
[2020.05.08-09.38.06:962][  0]LogTargetPlatformManager: Display: Loaded TargetPlatform 'Android_MultiClient'
[2020.05.08-09.38.06:985][  0]LogTargetPlatformManager: Display: Loaded TargetPlatform 'IOSClient'
[2020.05.08-09.38.06:985][  0]LogTargetPlatformManager: Display: Loaded TargetPlatform 'IOS'
[2020.05.08-09.38.06:994][  0]LogTargetPlatformManager: Display: Loaded TargetPlatform 'LinuxNoEditor'
[2020.05.08-09.38.07:006][  0]LogTargetPlatformManager: Display: Loaded TargetPlatform 'LinuxClient'
[2020.05.08-09.38.07:016][  0]LogTargetPlatformManager: Display: Loaded TargetPlatform 'LinuxServer'
[2020.05.08-09.38.07:025][  0]LogTargetPlatformManager: Display: Loaded TargetPlatform 'LinuxAArch64NoEditor'
[2020.05.08-09.38.07:038][  0]LogTargetPlatformManager: Display: Loaded TargetPlatform 'LinuxAArch64Client'
[2020.05.08-09.38.07:049][  0]LogTargetPlatformManager: Display: Loaded TargetPlatform 'LinuxAArch64Server'
[2020.05.08-09.38.07:090][  0]LogTargetPlatformManager: Display: Loaded TargetPlatform 'Lumin'
[2020.05.08-09.38.07:091][  0]LogTargetPlatformManager: Display: Loaded TargetPlatform 'LuminClient'
[2020.05.08-09.38.07:111][  0]LogTargetPlatformManager: Display: Loaded TargetPlatform 'TVOSClient'
[2020.05.08-09.38.07:111][  0]LogTargetPlatformManager: Display: Loaded TargetPlatform 'TVOS'
[2020.05.08-09.38.07:129][  0]LogTargetPlatformManager: Display: Loaded TargetPlatform 'WindowsNoEditor'
[2020.05.08-09.38.07:143][  0]LogTargetPlatformManager: Display: Loaded TargetPlatform 'Windows'
[2020.05.08-09.38.07:154][  0]LogTargetPlatformManager: Display: Loaded TargetPlatform 'WindowsClient'
[2020.05.08-09.38.07:163][  0]LogTargetPlatformManager: Display: Loaded TargetPlatform 'WindowsServer'
[2020.05.08-09.38.07:163][  0]LogTargetPlatformManager: Display: Building Assets For Windows
[2020.05.08-09.38.07:166][  0]LogAudioDebug: Display: Lib vorbis DLL was dynamically loaded.
[2020.05.08-09.38.07:201][  0]LogShaderCompilers: Guid format shader working directory is -27 characters bigger than the processId version (../../../../../../Users/hstad/Documents/PersonalSite/IMGD4000/Pathfinding/Intermediate/Shaders/WorkingDirectory/1524/).
[2020.05.08-09.38.07:201][  0]LogShaderCompilers: Cleaned the shader compiler working directory 'C:/Users/hstad/AppData/Local/Temp/UnrealShaderWorkingDir/5A610A544A5633B33DD5BDAC186C0590/'.
[2020.05.08-09.38.07:202][  0]LogXGEController: Cleaning working directory: C:/Users/hstad/AppData/Local/Temp/UnrealXGEWorkingDir/
[2020.05.08-09.38.07:205][  0]LogXGEController: Cannot use XGE Controller as Incredibuild is not installed on this machine.
[2020.05.08-09.38.07:205][  0]LogShaderCompilers: Cannot use XGE Shader Compiler as Incredibuild is not installed on this machine.
[2020.05.08-09.38.07:206][  0]LogShaderCompilers: Display: Using Local Shader Compiler.
[2020.05.08-09.38.08:227][  0]LogDerivedDataCache: Display: Max Cache Size: 512 MB
[2020.05.08-09.38.08:314][  0]LogDerivedDataCache: Loaded boot cache 0.09s 78MB C:/Users/hstad/AppData/Local/UnrealEngine/4.24/DerivedDataCache/Boot.ddc.
[2020.05.08-09.38.08:314][  0]LogDerivedDataCache: Display: Loaded Boot cache: C:/Users/hstad/AppData/Local/UnrealEngine/4.24/DerivedDataCache/Boot.ddc
[2020.05.08-09.38.08:314][  0]LogDerivedDataCache: FDerivedDataBackendGraph:  Pak pak cache file ../../../../../../Users/hstad/Documents/PersonalSite/IMGD4000/Pathfinding/DerivedDataCache/DDC.ddp not found, will not use a pak cache.
[2020.05.08-09.38.08:314][  0]LogDerivedDataCache: Unable to find inner node Pak for hierarchical cache Hierarchy.
[2020.05.08-09.38.08:314][  0]LogDerivedDataCache: FDerivedDataBackendGraph:  CompressedPak pak cache file ../../../../../../Users/hstad/Documents/PersonalSite/IMGD4000/Pathfinding/DerivedDataCache/Compressed.ddp not found, will not use a pak cache.
[2020.05.08-09.38.08:314][  0]LogDerivedDataCache: Unable to find inner node CompressedPak for hierarchical cache Hierarchy.
[2020.05.08-09.38.08:327][  0]LogDerivedDataCache: Display: Pak cache opened for reading ../../../Engine/DerivedDataCache/Compressed.ddp.
[2020.05.08-09.38.08:327][  0]LogDerivedDataCache: FDerivedDataBackendGraph:  EnterprisePak pak cache file ../../../Enterprise/DerivedDataCache/Compressed.ddp not found, will not use a pak cache.
[2020.05.08-09.38.08:327][  0]LogDerivedDataCache: Unable to find inner node EnterprisePak for hierarchical cache Hierarchy.
[2020.05.08-09.38.08:328][  0]LogDerivedDataCache: Using Local data cache path C:/Users/hstad/AppData/Local/UnrealEngine/Common/DerivedDataCache: Writable
[2020.05.08-09.38.08:328][  0]LogDerivedDataCache: Shared data cache path not found in *engine.ini, will not use an Shared cache.
[2020.05.08-09.38.08:328][  0]LogDerivedDataCache: Unable to find inner node Shared for hierarchical cache Hierarchy.
[2020.05.08-09.38.08:359][  0]LogMaterial: Verifying Global Shaders for PCD3D_SM5
[2020.05.08-09.38.08:362][  0]LogSlate: Using FreeType 2.10.0
[2020.05.08-09.38.08:363][  0]LogSlate: SlateFontServices - WITH_FREETYPE: 1, WITH_HARFBUZZ: 1
[2020.05.08-09.38.08:427][  0]LogAssetRegistry: FAssetRegistry took 0.0030 seconds to start up
[2020.05.08-09.38.08:809][  0]LogInit: Selected Device Profile: [Windows]
[2020.05.08-09.38.08:995][  0]LogMeshReduction: Using QuadricMeshReduction for automatic static mesh reduction
[2020.05.08-09.38.08:995][  0]LogMeshReduction: Using SimplygonMeshReduction for automatic skeletal mesh reduction
[2020.05.08-09.38.08:995][  0]LogMeshReduction: Using ProxyLODMeshReduction for automatic mesh merging
[2020.05.08-09.38.08:995][  0]LogMeshReduction: No distributed automatic mesh merging module available
[2020.05.08-09.38.08:995][  0]LogMeshMerging: No distributed automatic mesh merging module available
[2020.05.08-09.38.09:009][  0]LogNetVersion: Pathfinding 1.0.0, NetCL: 10570792, EngineNetVer: 13, GameNetVer: 0 (Checksum: 1732479880)
[2020.05.08-09.38.10:264][  0]LogPackageLocalizationCache: Processed 10 localized package path(s) for 1 prioritized culture(s) in 0.048628 seconds
[2020.05.08-09.38.10:273][  0]LogUObjectArray: 46750 objects as part of root set at end of initial load.
[2020.05.08-09.38.10:273][  0]LogUObjectAllocator: 8137160 out of 0 bytes used by permanent object pool.
[2020.05.08-09.38.10:273][  0]LogUObjectArray: CloseDisregardForGC: 0/0 objects in disregard for GC pool
[2020.05.08-09.38.10:767][  0]LogTcpMessaging: Initializing TcpMessaging bridge
[2020.05.08-09.38.10:771][  0]LogUdpMessaging: Initializing bridge on interface 0.0.0.0:0 to multicast group 230.0.0.1:6666.
[2020.05.08-09.38.10:830][  0]SourceControl: Source control is disabled
[2020.05.08-09.38.10:830][  0]SourceControl: Source control is disabled
[2020.05.08-09.38.10:832][  0]SourceControl: Source control is disabled
[2020.05.08-09.38.10:833][  0]SourceControl: Source control is disabled
[2020.05.08-09.38.10:834][  0]SourceControl: Source control is disabled
[2020.05.08-09.38.10:935][  0]LogAndroidPermission: UAndroidPermissionCallbackProxy::GetInstance
[2020.05.08-09.38.10:945][  0]LogAudioCaptureCore: Display: No Audio Capture implementations found. Audio input will be silent.
[2020.05.08-09.38.10:945][  0]LogAudioCaptureCore: Display: No Audio Capture implementations found. Audio input will be silent.
[2020.05.08-09.38.11:044][  0]LogOcInput: OculusInput pre-init called
[2020.05.08-09.38.11:052][  0]LogWindows: Failed to load 'OVRPlugin.dll' (GetLastError=126)
[2020.05.08-09.38.11:052][  0]LogWindows: File 'OVRPlugin.dll' does not exist
[2020.05.08-09.38.11:131][  0]LogEngine: Initializing Engine...
[2020.05.08-09.38.11:132][  0]LogHMD: Failed to initialize OpenVR with code 110
[2020.05.08-09.38.11:134][  0]LogStats: UGameplayTagsManager::InitializeManager -  0.000 s
[2020.05.08-09.38.11:556][  0]LogInit: Initializing FReadOnlyCVARCache
[2020.05.08-09.38.11:564][  0]LogAIModule: Creating AISystem for world Untitled
[2020.05.08-09.38.11:590][  0]LogAudioMixer: Display: Audio Mixer Platform Settings:
[2020.05.08-09.38.11:590][  0]LogAudioMixer: Display: 	Sample Rate:						  48000
[2020.05.08-09.38.11:590][  0]LogAudioMixer: Display: 	Callback Buffer Frame Size Requested: 1024
[2020.05.08-09.38.11:590][  0]LogAudioMixer: Display: 	Callback Buffer Frame Size To Use:	  1024
[2020.05.08-09.38.11:590][  0]LogAudioMixer: Display: 	Number of buffers to queue:			  2
[2020.05.08-09.38.11:590][  0]LogAudioMixer: Display: 	Max Channels (voices):				  32
[2020.05.08-09.38.11:590][  0]LogAudioMixer: Display: 	Number of Async Source Workers:		  0
[2020.05.08-09.38.11:590][  0]LogAudio: Display: AudioDevice MaxSources: 32
[2020.05.08-09.38.11:591][  0]LogAudio: Display: Using built-in audio occlusion.
[2020.05.08-09.38.11:591][  0]LogAudioMixer: Display: Initializing audio mixer.
[2020.05.08-09.38.11:613][  0]LogAudioMixer: Display: Audio Device Output Speaker Info:
[2020.05.08-09.38.11:613][  0]LogAudioMixer: Display: Name: Speakers (Realtek High Definition Audio)
[2020.05.08-09.38.11:613][  0]LogAudioMixer: Display: Is Default: Yes
[2020.05.08-09.38.11:613][  0]LogAudioMixer: Display: Sample Rate: 48000
[2020.05.08-09.38.11:613][  0]LogAudioMixer: Display: Channel Count Used: 2
[2020.05.08-09.38.11:613][  0]LogAudioMixer: Display: Device Channel Count: 2
[2020.05.08-09.38.11:613][  0]LogAudioMixer: Display: Channel Order:
[2020.05.08-09.38.11:613][  0]LogAudioMixer: Display: 0: FrontLeft
[2020.05.08-09.38.11:614][  0]LogAudioMixer: Display: 1: FrontRight
[2020.05.08-09.38.11:640][  0]LogAudioMixer: Display: Using Audio Device Speakers (Realtek High Definition Audio)
[2020.05.08-09.38.11:646][  0]LogInit: FAudioDevice initialized.
[2020.05.08-09.38.11:646][  0]LogNetVersion: Set ProjectVersion to 1.0.0.0. Version Checksum will be recalculated on next use.
[2020.05.08-09.38.11:839][  0]LogDerivedDataCache: Saved boot cache 0.19s 78MB C:/Users/hstad/AppData/Local/UnrealEngine/4.24/DerivedDataCache/Boot.ddc.
[2020.05.08-09.38.11:844][  0]LogInit: Texture streaming: Enabled
[2020.05.08-09.38.11:856][  0]LogEngineSessionManager: EngineSessionManager initialized
[2020.05.08-09.38.11:856][  0]LogEngineSessionManager: EngineSessionManager sent abnormal shutdown report. Type=Crashed, SessionId={0658732E-439A-1F29-39E2-B7AA2961B6F4}
[2020.05.08-09.38.11:856][  0]LogEditorSessionSummary: Verbose: Initializing EditorSessionSummaryWriter for editor session tracking
[2020.05.08-09.38.11:858][  0]LogEditorSessionSummary: EditorSessionSummaryWriter initialized
[2020.05.08-09.38.11:912][  0]LogInit: Transaction tracking system initialized
[2020.05.08-09.38.11:922][  0]BlueprintLog: New page: Editor Load
[2020.05.08-09.38.11:952][  0]LocalizationService: Localization service is disabled
[2020.05.08-09.38.12:576][  0]LogFileCache: Scanning file cache for directory 'C:/Users/hstad/Documents/PersonalSite/IMGD4000/Pathfinding/Content/' took 0.00s
[2020.05.08-09.38.12:577][  0]LogCook: Display: Max memory allowance for cook 16384mb min free memory 0mb
[2020.05.08-09.38.12:577][  0]LogCook: Display: Mobile HDR setting 1
[2020.05.08-09.38.13:556][  0]SourceControl: Source control is disabled
[2020.05.08-09.38.13:557][  0]Cmd: MAP LOAD FILE="../../../Engine/Content/Maps/Templates/Template_Default.umap" TEMPLATE=1 SHOWPROGRESS=1 FEATURELEVEL=3
[2020.05.08-09.38.13:557][  0]LightingResults: New page: Lighting Build
[2020.05.08-09.38.13:558][  0]LogWorld: UWorld::CleanupWorld for Untitled, bSessionEnded=true, bCleanupResources=true
[2020.05.08-09.38.13:558][  0]LogSlate: InvalidateAllWidgets triggered.  All widgets were invalidated
[2020.05.08-09.38.13:558][  0]MapCheck: New page: Map Check
[2020.05.08-09.38.13:558][  0]LightingResults: New page: Lighting Build
[2020.05.08-09.38.13:594][  0]LogUObjectHash: Compacting FUObjectHashTables data took   2.68ms
[2020.05.08-09.38.13:694][  0]LogAIModule: Creating AISystem for world Untitled_1
[2020.05.08-09.38.13:700][  0]LogEditorServer: Finished looking for orphan Actors (0.000 secs)
[2020.05.08-09.38.13:740][  0]LogUObjectHash: Compacting FUObjectHashTables data took   5.52ms
[2020.05.08-09.38.13:741][  0]Cmd: MAP CHECKDEP NOCLEARLOG
[2020.05.08-09.38.13:741][  0]MapCheck: Map check complete: 0 Error(s), 0 Warning(s), took 0.292ms to complete.
[2020.05.08-09.38.13:741][  0]LogFileHelpers: Loading map 'Template_Default' took 0.184
[2020.05.08-09.38.13:898][  0]LogSlate: Updating window title bar state: overlay mode, drag disabled, window buttons hidden, title bar hidden
[2020.05.08-09.38.13:911][  0]LogSlate: Updating window title bar state: overlay mode, drag disabled, window buttons hidden, title bar hidden
[2020.05.08-09.38.13:920][  0]LogSlate: Updating window title bar state: overlay mode, drag disabled, window buttons hidden, title bar hidden
[2020.05.08-09.38.13:928][  0]LogSlate: Updating window title bar state: overlay mode, drag disabled, window buttons hidden, title bar hidden
[2020.05.08-09.38.13:934][  0]LogCollectionManager: Loaded 0 collections in 0.002641 seconds
[2020.05.08-09.38.13:948][  0]LogFileCache: Scanning file cache for directory 'C:/Users/hstad/Documents/PersonalSite/IMGD4000/Pathfinding/Saved/Collections/' took 0.00s
[2020.05.08-09.38.13:948][  0]LogFileCache: Scanning file cache for directory 'C:/Users/hstad/Documents/PersonalSite/IMGD4000/Pathfinding/Content/Developers/hstad/Collections/' took 0.00s
[2020.05.08-09.38.13:948][  0]LogFileCache: Scanning file cache for directory 'C:/Users/hstad/Documents/PersonalSite/IMGD4000/Pathfinding/Content/Collections/' took 0.00s
[2020.05.08-09.38.13:948][  0]LogContentBrowser: Native class hierarchy populated in 0.0095 seconds. Added 3015 classes and 717 folders.
[2020.05.08-09.38.13:954][  0]LogContentBrowser: Native class hierarchy updated for 'WidgetCarousel' in 0.0002 seconds. Added 0 classes and 0 folders.
[2020.05.08-09.38.14:017][  0]LogContentBrowser: Native class hierarchy updated for 'AddContentDialog' in 0.0003 seconds. Added 0 classes and 0 folders.
[2020.05.08-09.38.14:023][  0]LogContentBrowser: Native class hierarchy updated for 'SceneOutliner' in 0.0003 seconds. Added 2 classes and 3 folders.
[2020.05.08-09.38.14:257][  0]LogContentBrowser: Native class hierarchy updated for 'HierarchicalLODOutliner' in 0.0004 seconds. Added 0 classes and 0 folders.
[2020.05.08-09.38.14:257][  0]LogLoad: (Engine Initialization) Total time: 10.16 seconds
[2020.05.08-09.38.14:257][  0]LogLoad: (Engine Initialization) Total Blueprint compile time: 0.00 seconds
[2020.05.08-09.38.14:319][  0]LogAssetRegistry: Asset discovery search completed in 5.8928 seconds
[2020.05.08-09.38.14:337][  0]LogCollectionManager: Fixed up redirectors for 0 collections in 0.000016 seconds (updated 0 objects)
[2020.05.08-09.38.14:340][  0]LogContentStreaming: Texture pool size now 1000 MB
[2020.05.08-09.38.14:361][  0]LogSlate: Took 0.000180 seconds to synchronously load lazily loaded font '../../../Engine/Content/Slate/Fonts/Roboto-Regular.ttf' (155K)
[2020.05.08-09.38.14:363][  0]LogSlate: Took 0.000251 seconds to synchronously load lazily loaded font '../../../Engine/Content/Slate/Fonts/Roboto-Bold.ttf' (160K)
[2020.05.08-09.38.14:371][  0]LogSlate: Took 0.000798 seconds to synchronously load lazily loaded font '../../../Engine/Content/Editor/Slate/Fonts/FontAwesome.ttf' (139K)
[2020.05.08-09.38.14:372][  0]LogSlate: Took 0.000588 seconds to synchronously load lazily loaded font '../../../Engine/Content/Slate/Fonts/DroidSansMono.ttf' (77K)
[2020.05.08-09.38.14:571][  1]LogRenderer: Reallocating scene render targets to support 820x336 Format 10 NumSamples 1 (Frame:1).
[2020.05.08-09.38.15:324][ 25]LogSlate: Took 0.000256 seconds to synchronously load lazily loaded font '../../../Engine/Content/Slate/Fonts/Roboto-Light.ttf' (167K)
[2020.05.08-09.38.44:768][356]LogSlate: Window 'Message Log' being destroyed
[2020.05.08-09.38.44:821][356]LogSlate: Window 'Message Log' being destroyed
[2020.05.08-09.38.49:592][730]LogSlate: Took 0.000269 seconds to synchronously load lazily loaded font '../../../Engine/Content/Slate/Fonts/Roboto-Light.ttf' (167K)
[2020.05.08-09.38.51:714][871]LogUObjectHash: Compacting FUObjectHashTables data took   1.31ms
[2020.05.08-09.38.51:717][871]Cmd: MAP LOAD FILE="../../../../../../Users/hstad/Documents/PersonalSite/IMGD4000/Pathfinding/Content/PathfindingMap.umap" TEMPLATE=0 SHOWPROGRESS=1 FEATURELEVEL=3
[2020.05.08-09.38.51:753][871]LightingResults: New page: Lighting Build
[2020.05.08-09.38.51:755][871]LoadErrors: New page: Loading map: PathfindingMap.umap
[2020.05.08-09.38.51:755][871]LogWorld: UWorld::CleanupWorld for Untitled_1, bSessionEnded=true, bCleanupResources=true
[2020.05.08-09.38.51:755][871]LogSlate: InvalidateAllWidgets triggered.  All widgets were invalidated
[2020.05.08-09.38.51:755][871]MapCheck: New page: Map Check
[2020.05.08-09.38.51:755][871]LightingResults: New page: Lighting Build
[2020.05.08-09.38.51:786][871]LogUObjectHash: Compacting FUObjectHashTables data took   2.16ms
[2020.05.08-09.38.51:973][871]LogAIModule: Creating AISystem for world PathfindingMap
[2020.05.08-09.38.51:975][871]LogMaterial: Display: Material /Game/Materials/mat_ground_fast.mat_ground_fast needed to have new flag set bUsedWithStaticLighting !
[2020.05.08-09.38.51:987][871]LogMaterial: Display: Missing cached shader map for material mat_ground_fast, compiling. 
[2020.05.08-09.38.52:066][871]MapCheck: Warning: mat_ground_fast Material /Game/Materials/mat_ground_fast.mat_ground_fast was missing the usage flag bUsedWithStaticLighting. If the material asset is not re-saved, it may not render correctly when run outside the editor. Fix
[2020.05.08-09.38.52:108][871]LogShaderCompilers: Display: Worker (1/5): shaders left to compile 24
[2020.05.08-09.38.52:108][871]LogShaderCompilers: Display: Worker (2/5): shaders left to compile 17
[2020.05.08-09.38.52:108][871]LogShaderCompilers: Display: Worker (3/5): shaders left to compile 10
[2020.05.08-09.38.52:108][871]LogShaderCompilers: Display: Worker (4/5): shaders left to compile 3
[2020.05.08-09.38.52:129][871]LogMaterial: Display: Material /Game/Materials/mat_wall.mat_wall needed to have new flag set bUsedWithStaticLighting !
[2020.05.08-09.38.52:141][871]LogMaterial: Display: Missing cached shader map for material mat_wall, compiling. 
[2020.05.08-09.38.52:184][871]MapCheck: Warning: mat_wall Material /Game/Materials/mat_wall.mat_wall was missing the usage flag bUsedWithStaticLighting. If the material asset is not re-saved, it may not render correctly when run outside the editor. Fix
[2020.05.08-09.38.52:185][871]LogMaterial: Display: Material /Game/Materials/mat_ground_slow.mat_ground_slow needed to have new flag set bUsedWithStaticLighting !
[2020.05.08-09.38.52:208][871]LogMaterial: Display: Missing cached shader map for material mat_ground_slow, compiling. 
[2020.05.08-09.38.52:248][871]MapCheck: Warning: mat_ground_slow Material /Game/Materials/mat_ground_slow.mat_ground_slow was missing the usage flag bUsedWithStaticLighting. If the material asset is not re-saved, it may not render correctly when run outside the editor. Fix
[2020.05.08-09.38.52:249][871]LogMaterial: Display: Material /Game/Materials/mat_ground_avoid.mat_ground_avoid needed to have new flag set bUsedWithStaticLighting !
[2020.05.08-09.38.52:262][871]LogMaterial: Display: Missing cached shader map for material mat_ground_avoid, compiling. 
[2020.05.08-09.38.52:304][871]MapCheck: Warning: mat_ground_avoid Material /Game/Materials/mat_ground_avoid.mat_ground_avoid was missing the usage flag bUsedWithStaticLighting. If the material asset is not re-saved, it may not render correctly when run outside the editor. Fix
[2020.05.08-09.38.52:306][871]LogMaterial: Display: Material /Game/Materials/mat_ground_normal.mat_ground_normal needed to have new flag set bUsedWithStaticLighting !
[2020.05.08-09.38.52:322][871]LogMaterial: Display: Missing cached shader map for material mat_ground_normal, compiling. 
[2020.05.08-09.38.52:367][871]MapCheck: Warning: mat_ground_normal Material /Game/Materials/mat_ground_normal.mat_ground_normal was missing the usage flag bUsedWithStaticLighting. If the material asset is not re-saved, it may not render correctly when run outside the editor. Fix
[2020.05.08-09.38.52:617][871]LogEditorServer: Finished looking for orphan Actors (0.000 secs)
[2020.05.08-09.38.52:671][871]LogUObjectHash: Compacting FUObjectHashTables data took   6.75ms
[2020.05.08-09.38.52:748][871]Cmd: MAP CHECKDEP NOCLEARLOG
[2020.05.08-09.38.52:749][871]MapCheck: Map check complete: 0 Error(s), 5 Warning(s), took 0.219ms to complete.
[2020.05.08-09.38.52:768][871]LogFileHelpers: Loading map 'PathfindingMap' took 1.053
[2020.05.08-09.38.52:769][871]LogSlate: Window 'Open Level' being destroyed
[2020.05.08-09.38.54:764][920]LogSlate: Window 'Message Log' being destroyed
[2020.05.08-09.38.54:779][920]LogSlate: Window 'Message Log' being destroyed
[2020.05.08-09.38.55:642][949]LogShaderCompilers: Display: Worker (4/5): shaders left to compile 96
[2020.05.08-09.39.00:243][ 60]LogShaderCompilers: Display: Worker (1/5): shaders left to compile 86
[2020.05.08-09.39.00:305][ 60]LogShaderCompilers: Display: Worker (3/5): shaders left to compile 76
[2020.05.08-09.39.00:577][ 60]LogShaderCompilers: Display: Worker (2/5): shaders left to compile 66
[2020.05.08-09.39.01:737][ 60]LogD3D11RHI: Timed out while waiting for GPU to catch up. (0.5 s) (ErrorCode 00000001)
[2020.05.08-09.39.03:574][ 60]LogShaderCompilers: Display: Worker (4/5): shaders left to compile 56
[2020.05.08-09.39.04:238][ 60]LogD3D11RHI: Timed out while waiting for GPU to catch up. (0.5 s) (ErrorCode 00000001)
[2020.05.08-09.39.04:740][ 60]LogD3D11RHI: Timed out while waiting for GPU to catch up. (0.5 s) (ErrorCode 00000001)
[2020.05.08-09.39.05:243][ 60]LogD3D11RHI: Timed out while waiting for GPU to catch up. (0.5 s) (ErrorCode 00000001)
[2020.05.08-09.39.05:682][ 60]LogShaderCompilers: Display: Worker (3/5): shaders left to compile 46
[2020.05.08-09.39.05:743][ 60]LogD3D11RHI: Timed out while waiting for GPU to catch up. (0.5 s) (ErrorCode 00000001)
[2020.05.08-09.39.06:244][ 60]LogD3D11RHI: Timed out while waiting for GPU to catch up. (0.5 s) (ErrorCode 00000001)
[2020.05.08-09.39.06:475][ 60]LogShaderCompilers: Display: Worker (1/5): shaders left to compile 36
[2020.05.08-09.39.06:743][ 60]LogD3D11RHI: Timed out while waiting for GPU to catch up. (0.5 s) (ErrorCode 00000001)
[2020.05.08-09.39.07:131][ 60]LogShaderCompilers: Display: Worker (2/5): shaders left to compile 26
[2020.05.08-09.39.07:243][ 60]LogD3D11RHI: Timed out while waiting for GPU to catch up. (0.5 s) (ErrorCode 00000001)
[2020.05.08-09.39.07:744][ 60]LogD3D11RHI: Timed out while waiting for GPU to catch up. (0.5 s) (ErrorCode 00000001)
[2020.05.08-09.39.08:243][ 60]LogD3D11RHI: Timed out while waiting for GPU to catch up. (0.5 s) (ErrorCode 00000001)
[2020.05.08-09.39.08:357][ 60]LogShaderCompilers: Display: Worker (4/5): shaders left to compile 19
[2020.05.08-09.39.08:744][ 60]LogD3D11RHI: Timed out while waiting for GPU to catch up. (0.5 s) (ErrorCode 00000001)
[2020.05.08-09.39.09:244][ 60]LogD3D11RHI: Timed out while waiting for GPU to catch up. (0.5 s) (ErrorCode 00000001)
[2020.05.08-09.39.09:743][ 60]LogD3D11RHI: Timed out while waiting for GPU to catch up. (0.5 s) (ErrorCode 00000001)
[2020.05.08-09.39.10:132][ 60]LogShaderCompilers: Display: Worker (2/5): shaders left to compile 14
[2020.05.08-09.39.10:243][ 60]LogD3D11RHI: Timed out while waiting for GPU to catch up. (0.5 s) (ErrorCode 00000001)
[2020.05.08-09.39.10:744][ 60]LogD3D11RHI: Timed out while waiting for GPU to catch up. (0.5 s) (ErrorCode 00000001)
[2020.05.08-09.39.11:244][ 60]LogD3D11RHI: Timed out while waiting for GPU to catch up. (0.5 s) (ErrorCode 00000001)
[2020.05.08-09.39.11:745][ 60]LogD3D11RHI: Timed out while waiting for GPU to catch up. (0.5 s) (ErrorCode 00000001)
[2020.05.08-09.39.11:801][ 60]LogShaderCompilers: Display: Worker (4/5): shaders left to compile 10
[2020.05.08-09.39.12:245][ 60]LogD3D11RHI: Timed out while waiting for GPU to catch up. (0.5 s) (ErrorCode 00000001)
[2020.05.08-09.39.12:375][ 60]LogShaderCompilers: Display: Worker (3/5): shaders left to compile 7
[2020.05.08-09.39.12:471][ 60]LogShaderCompilers: Display: Worker (2/5): shaders left to compile 5
[2020.05.08-09.39.12:744][ 60]LogD3D11RHI: Timed out while waiting for GPU to catch up. (0.5 s) (ErrorCode 00000001)
[2020.05.08-09.39.12:988][ 60]LogShaderCompilers: Display: Worker (1/5): shaders left to compile 3
[2020.05.08-09.39.13:244][ 60]LogD3D11RHI: Timed out while waiting for GPU to catch up. (0.5 s) (ErrorCode 00000001)
[2020.05.08-09.39.13:744][ 60]LogD3D11RHI: Timed out while waiting for GPU to catch up. (0.5 s) (ErrorCode 00000001)
[2020.05.08-09.39.13:796][ 60]LogShaderCompilers: Display: Worker (2/5): shaders left to compile 2
[2020.05.08-09.39.13:812][ 60]LogShaderCompilers: Display: Worker (1/5): shaders left to compile 1
[2020.05.08-09.39.18:744][ 60]LogD3D11RHI: GetQueryData is taking a very long time (5.0 s)
[2020.05.08-09.39.23:745][ 60]LogD3D11RHI: GetQueryData is taking a very long time (10.0 s)
[2020.05.08-09.39.28:745][ 60]LogD3D11RHI: GetQueryData is taking a very long time (15.0 s)
[2020.05.08-09.39.33:746][ 60]LogD3D11RHI: GetQueryData is taking a very long time (20.0 s)
[2020.05.08-09.39.38:746][ 60]LogD3D11RHI: GetQueryData is taking a very long time (25.0 s)
[2020.05.08-09.39.43:745][ 60]LogD3D11RHI: GetQueryData is taking a very long time (30.0 s)
[2020.05.08-09.39.43:745][ 60]LogD3D11RHI: Timed out while waiting for GPU to catch up. (30.0 s) (ErrorCode 00000001)
[2020.05.08-09.39.43:756][ 60]LogWindows: Windows GetLastError: The operation completed successfully. (0)
[2020.05.08-09.39.45:796][ 60]LogOutputDevice: Warning: 

Script Stack (0 frames):

[2020.05.08-09.39.45:796][ 60]LogWindows: Windows GetLastError: The operation completed successfully. (0)
[2020.05.08-09.39.45:806][ 60]LogWindows: Error: === Critical error: ===
[2020.05.08-09.39.45:806][ 60]LogWindows: Error: 
[2020.05.08-09.39.45:806][ 60]LogWindows: Error: Fatal error: [File:D:/Build/++UE4/Sync/Engine/Source/Runtime/RenderCore/Private/RenderingThread.cpp] [Line: 853] 
[2020.05.08-09.39.45:806][ 60]LogWindows: Error: Rendering thread exception:
[2020.05.08-09.39.45:806][ 60]LogWindows: Error: Assertion failed: GD3D11RHI->GetQueryData(Query->Resource, &Query->Result, sizeof(Query->Result), Query->QueryType, true, false) [File:D:/Build/++UE4/Sync/Engine/Source/Runtime/Windows/D3D11RHI/Private/D3D11Query.cpp] [Line: 45] 
[2020.05.08-09.39.45:806][ 60]LogWindows: Error: 
[2020.05.08-09.39.45:806][ 60]LogWindows: Error: 
[2020.05.08-09.39.45:806][ 60]LogWindows: Error: 
[2020.05.08-09.39.45:806][ 60]LogWindows: Error: [Callstack] 0x00007ff9e5ffa799 KERNELBASE.dll!UnknownFunction []
[2020.05.08-09.39.45:806][ 60]LogWindows: Error: [Callstack] 0x00007ff9a478a7b6 UE4Editor-Core.dll!UnknownFunction []
[2020.05.08-09.39.45:806][ 60]LogWindows: Error: [Callstack] 0x00007ff9a478dc58 UE4Editor-Core.dll!UnknownFunction []
[2020.05.08-09.39.45:806][ 60]LogWindows: Error: [Callstack] 0x00007ff9a4542c7d UE4Editor-Core.dll!UnknownFunction []
[2020.05.08-09.39.45:806][ 60]LogWindows: Error: [Callstack] 0x00007ff9a44cfd43 UE4Editor-Core.dll!UnknownFunction []
[2020.05.08-09.39.45:806][ 60]LogWindows: Error: [Callstack] 0x00007ff9a44d20c0 UE4Editor-Core.dll!UnknownFunction []
[2020.05.08-09.39.45:806][ 60]LogWindows: Error: [Callstack] 0x00007ff9887e595d UE4Editor-D3D11RHI.dll!UnknownFunction []
[2020.05.08-09.39.45:806][ 60]LogWindows: Error: [Callstack] 0x00007ff9887f4639 UE4Editor-D3D11RHI.dll!UnknownFunction []
[2020.05.08-09.39.45:806][ 60]LogWindows: Error: [Callstack] 0x00007ff9c41641af UE4Editor-RHI.dll!UnknownFunction []
[2020.05.08-09.39.45:806][ 60]LogWindows: Error: [Callstack] 0x00007ff98a8ee358 UE4Editor-Renderer.dll!UnknownFunction []
[2020.05.08-09.39.45:806][ 60]LogWindows: Error: [Callstack] 0x00007ff98ad6b808 UE4Editor-Renderer.dll!UnknownFunction []
[2020.05.08-09.39.45:806][ 60]LogWindows: Error: [Callstack] 0x00007ff98ad4962c UE4Editor-Renderer.dll!UnknownFunction []
[2020.05.08-09.39.45:806][ 60]LogWindows: Error: [Callstack] 0x00007ff9a4319ff2 UE4Editor-Core.dll!UnknownFunction []
[2020.05.08-09.39.45:806][ 60]LogWindows: Error: [Callstack] 0x00007ff9a431a393 UE4Editor-Core.dll!UnknownFunction []
[2020.05.08-09.39.45:806][ 60]LogWindows: Error: [Callstack] 0x00007ff9c6295391 UE4Editor-RenderCore.dll!UnknownFunction []
[2020.05.08-09.39.45:806][ 60]LogWindows: Error: [Callstack] 0x00007ff9c629e254 UE4Editor-RenderCore.dll!UnknownFunction []
[2020.05.08-09.39.45:806][ 60]LogWindows: Error: [Callstack] 0x00007ff9a47932ef UE4Editor-Core.dll!UnknownFunction []
[2020.05.08-09.39.45:806][ 60]LogWindows: Error: [Callstack] 0x00007ff9a4792f94 UE4Editor-Core.dll!UnknownFunction []
[2020.05.08-09.39.45:806][ 60]LogWindows: Error: [Callstack] 0x00007ff9e6e57bd4 KERNEL32.DLL!UnknownFunction []
[2020.05.08-09.39.45:806][ 60]LogWindows: Error: [Callstack] 0x00007ff9e868ce51 ntdll.dll!UnknownFunction []
[2020.05.08-09.39.45:806][ 60]LogWindows: Error: 
[2020.05.08-09.39.45:806][ 60]LogWindows: Error: 
[2020.05.08-09.39.45:806][ 60]LogWindows: Error: 
[2020.05.08-09.39.45:806][ 60]LogWindows: Error: 
[2020.05.08-09.39.45:819][ 60]LogExit: Executing StaticShutdownAfterError
[2020.05.08-09.39.45:822][ 60]LogWindows: FPlatformMisc::RequestExit(1)
[2020.05.08-09.39.45:822][ 60]LogCore: Engine exit requested (reason: Win RequestExit)
[2020.05.08-09.39.45:833][ 60]Log file closed, 05/08/20 05:39:45
